2021-11-02 11:06:21,430 [INFO] Activator:177 - 


2021-11-02 11:06:21,431 [INFO] Activator:178 - !SESSION log4j initialized
2021-11-02 11:06:25,529 [INFO] McuFinderGlobals:39 - Set McuFinder mode to 2 (CubeIDE integrated)
2021-11-02 11:06:27,050 [INFO] ApplicationProperties:181 - Using Application install path: D:\ST\STM32CubeIDE_1.7.0\STM32CubeIDE\plugins\com.st.stm32cube.common.mx_6.3.0.202107141111
2021-11-02 11:06:27,060 [INFO] DbMcusXml:74 - Set database path to: D:\ST\STM32CubeIDE_1.7.0\STM32CubeIDE\plugins\com.st.stm32cube.common.mx_6.3.0.202107141111\\db\/mcu/
2021-11-02 11:06:27,064 [INFO] DbBoardsPdsc:56 - Set plugin database path to: D:\ST\STM32CubeIDE_1.7.0\STM32CubeIDE\plugins\com.st.stm32cube.common.mx_6.3.0.202107141111\\db\/plugins/boardmanager/
2021-11-02 11:06:27,064 [INFO] DbMcus:258 - Set plugin images path to: D:\ST\STM32CubeIDE_1.7.0\STM32CubeIDE\plugins\com.st.stm32cube.common.mx_6.3.0.202107141111\\db\/plugins/mcufinder/images/
2021-11-02 11:06:27,064 [INFO] DbBoards:264 - Set plugin images path to: D:\ST\STM32CubeIDE_1.7.0\STM32CubeIDE\plugins\com.st.stm32cube.common.mx_6.3.0.202107141111\\db\/plugins/mcufinder/images/
2021-11-02 11:06:27,066 [INFO] DbExamples:333 - Set plugin images path to: D:\ST\STM32CubeIDE_1.7.0\STM32CubeIDE\plugins\com.st.stm32cube.common.mx_6.3.0.202107141111\\db\/plugins/mcufinder/images/
2021-11-02 11:06:27,070 [INFO] DbMcusAds:119 - Set database path to: C:\Users\TRAN DAT\.stmcufinder\plugins\mcufinder//mcu/
2021-11-02 11:06:27,070 [INFO] DbMcusDocs:110 - Set database path to: C:\Users\TRAN DAT\.stmcufinder\plugins\mcufinder//mcu/
2021-11-02 11:06:27,072 [INFO] DbMcusJson:64 - Set database path to: C:\Users\TRAN DAT\.stmcufinder\plugins\mcufinder//mcu/
2021-11-02 11:06:27,073 [INFO] DbBoardsDocs:110 - Set database path to: C:\Users\TRAN DAT\.stmcufinder\plugins\mcufinder//mcu/
2021-11-02 11:06:27,075 [INFO] DbBoardsJson:57 - Set database path to: C:\Users\TRAN DAT\.stmcufinder\plugins\mcufinder//mcu/
2021-11-02 11:06:27,817 [INFO] CrossReferenceDbSqlite:196 - Set database path to: C:\Users\TRAN DAT\.stmcufinder\plugins\mcufinder//mcu/cs/
2021-11-02 11:06:27,824 [INFO] DbExamplesSqlite:767 - Set database path to: C:\Users\TRAN DAT\.stmcufinder\plugins\mcufinder//mcu/
2021-11-02 11:06:27,923 [INFO] RulesReader:57 - Compatibility file has been processed (242 Rules)
2021-11-02 11:06:28,007 [INFO] DbMcusXml:74 - Set database path to: D:\ST\STM32CubeIDE_1.7.0\STM32CubeIDE\plugins\com.st.stm32cube.common.mx_6.3.0.202107141111\\db\/mcu/
2021-11-02 11:06:28,008 [INFO] DbBoardsPdsc:56 - Set plugin database path to: D:\ST\STM32CubeIDE_1.7.0\STM32CubeIDE\plugins\com.st.stm32cube.common.mx_6.3.0.202107141111\\db\/plugins/boardmanager/
2021-11-02 11:06:28,008 [INFO] DbMcus:258 - Set plugin images path to: D:\ST\STM32CubeIDE_1.7.0\STM32CubeIDE\plugins\com.st.stm32cube.common.mx_6.3.0.202107141111\\db\/plugins/mcufinder/images/
2021-11-02 11:06:28,008 [INFO] DbBoards:264 - Set plugin images path to: D:\ST\STM32CubeIDE_1.7.0\STM32CubeIDE\plugins\com.st.stm32cube.common.mx_6.3.0.202107141111\\db\/plugins/mcufinder/images/
2021-11-02 11:06:28,008 [INFO] DbExamples:333 - Set plugin images path to: D:\ST\STM32CubeIDE_1.7.0\STM32CubeIDE\plugins\com.st.stm32cube.common.mx_6.3.0.202107141111\\db\/plugins/mcufinder/images/
2021-11-02 11:06:28,008 [WARN] DbFile:35 - Overriding database path with different value: C:\Users\TRAN DAT\.stmcufinder\plugins\mcufinder/ => C:\Users\TRAN DAT\.stmcufinder\plugins\mcufinder
2021-11-02 11:06:28,008 [INFO] DbMcusAds:119 - Set database path to: C:\Users\TRAN DAT\.stmcufinder\plugins\mcufinder//mcu/
2021-11-02 11:06:28,009 [WARN] DbFile:35 - Overriding database path with different value: C:\Users\TRAN DAT\.stmcufinder\plugins\mcufinder/ => C:\Users\TRAN DAT\.stmcufinder\plugins\mcufinder
2021-11-02 11:06:28,009 [INFO] DbMcusDocs:110 - Set database path to: C:\Users\TRAN DAT\.stmcufinder\plugins\mcufinder//mcu/
2021-11-02 11:06:28,009 [WARN] DbFile:35 - Overriding database path with different value: C:\Users\TRAN DAT\.stmcufinder\plugins\mcufinder/ => C:\Users\TRAN DAT\.stmcufinder\plugins\mcufinder
2021-11-02 11:06:28,009 [INFO] DbMcusJson:64 - Set database path to: C:\Users\TRAN DAT\.stmcufinder\plugins\mcufinder//mcu/
2021-11-02 11:06:28,009 [WARN] DbFile:35 - Overriding database path with different value: C:\Users\TRAN DAT\.stmcufinder\plugins\mcufinder/ => C:\Users\TRAN DAT\.stmcufinder\plugins\mcufinder
2021-11-02 11:06:28,009 [INFO] DbBoardsDocs:110 - Set database path to: C:\Users\TRAN DAT\.stmcufinder\plugins\mcufinder//mcu/
2021-11-02 11:06:28,009 [WARN] DbFile:35 - Overriding database path with different value: C:\Users\TRAN DAT\.stmcufinder\plugins\mcufinder/ => C:\Users\TRAN DAT\.stmcufinder\plugins\mcufinder
2021-11-02 11:06:28,009 [INFO] DbBoardsJson:57 - Set database path to: C:\Users\TRAN DAT\.stmcufinder\plugins\mcufinder//mcu/
2021-11-02 11:06:28,009 [WARN] DbFile:35 - Overriding database path with different value: C:\Users\TRAN DAT\.stmcufinder\plugins\mcufinder/ => C:\Users\TRAN DAT\.stmcufinder\plugins\mcufinder
2021-11-02 11:06:28,010 [WARN] DbFile:35 - Overriding database path with different value: C:\Users\TRAN DAT\.stmcufinder\plugins\mcufinder/ => C:\Users\TRAN DAT\.stmcufinder\plugins\mcufinder
2021-11-02 11:06:28,826 [INFO] CrossReferenceDbSqlite:196 - Set database path to: C:\Users\TRAN DAT\.stmcufinder\plugins\mcufinder//mcu/cs/
2021-11-02 11:06:28,827 [WARN] DbFile:35 - Overriding database path with different value: C:\Users\TRAN DAT\.stmcufinder\plugins\mcufinder/ => C:\Users\TRAN DAT\.stmcufinder\plugins\mcufinder
2021-11-02 11:06:28,827 [INFO] DbExamplesSqlite:767 - Set database path to: C:\Users\TRAN DAT\.stmcufinder\plugins\mcufinder//mcu/
2021-11-02 11:06:28,889 [INFO] MainPanel:214 - HeapMemory: 268435456
2021-11-02 11:06:28,952 [INFO] DbMcusXml:74 - Set database path to: D:\ST\STM32CubeIDE_1.7.0\STM32CubeIDE\plugins\com.st.stm32cube.common.mx_6.3.0.202107141111\\db\/mcu/
2021-11-02 11:06:28,952 [INFO] DbBoardsPdsc:56 - Set plugin database path to: D:\ST\STM32CubeIDE_1.7.0\STM32CubeIDE\plugins\com.st.stm32cube.common.mx_6.3.0.202107141111\\db\/plugins/boardmanager/
2021-11-02 11:06:28,952 [INFO] DbMcus:258 - Set plugin images path to: D:\ST\STM32CubeIDE_1.7.0\STM32CubeIDE\plugins\com.st.stm32cube.common.mx_6.3.0.202107141111\\db\/plugins/mcufinder/images/
2021-11-02 11:06:28,952 [INFO] DbBoards:264 - Set plugin images path to: D:\ST\STM32CubeIDE_1.7.0\STM32CubeIDE\plugins\com.st.stm32cube.common.mx_6.3.0.202107141111\\db\/plugins/mcufinder/images/
2021-11-02 11:06:28,952 [INFO] DbExamples:333 - Set plugin images path to: D:\ST\STM32CubeIDE_1.7.0\STM32CubeIDE\plugins\com.st.stm32cube.common.mx_6.3.0.202107141111\\db\/plugins/mcufinder/images/
2021-11-02 11:06:28,953 [WARN] DbFile:35 - Overriding database path with different value: C:\Users\TRAN DAT\.stmcufinder\plugins\mcufinder/ => C:\Users\TRAN DAT\.stmcufinder\plugins\mcufinder
2021-11-02 11:06:28,953 [INFO] DbMcusAds:119 - Set database path to: C:\Users\TRAN DAT\.stmcufinder\plugins\mcufinder//mcu/
2021-11-02 11:06:28,953 [WARN] DbFile:35 - Overriding database path with different value: C:\Users\TRAN DAT\.stmcufinder\plugins\mcufinder/ => C:\Users\TRAN DAT\.stmcufinder\plugins\mcufinder
2021-11-02 11:06:28,953 [INFO] DbMcusDocs:110 - Set database path to: C:\Users\TRAN DAT\.stmcufinder\plugins\mcufinder//mcu/
2021-11-02 11:06:28,953 [WARN] DbFile:35 - Overriding database path with different value: C:\Users\TRAN DAT\.stmcufinder\plugins\mcufinder/ => C:\Users\TRAN DAT\.stmcufinder\plugins\mcufinder
2021-11-02 11:06:28,953 [INFO] DbMcusJson:64 - Set database path to: C:\Users\TRAN DAT\.stmcufinder\plugins\mcufinder//mcu/
2021-11-02 11:06:28,953 [WARN] DbFile:35 - Overriding database path with different value: C:\Users\TRAN DAT\.stmcufinder\plugins\mcufinder/ => C:\Users\TRAN DAT\.stmcufinder\plugins\mcufinder
2021-11-02 11:06:28,953 [INFO] DbBoardsDocs:110 - Set database path to: C:\Users\TRAN DAT\.stmcufinder\plugins\mcufinder//mcu/
2021-11-02 11:06:28,953 [WARN] DbFile:35 - Overriding database path with different value: C:\Users\TRAN DAT\.stmcufinder\plugins\mcufinder/ => C:\Users\TRAN DAT\.stmcufinder\plugins\mcufinder
2021-11-02 11:06:28,953 [INFO] DbBoardsJson:57 - Set database path to: C:\Users\TRAN DAT\.stmcufinder\plugins\mcufinder//mcu/
2021-11-02 11:06:28,954 [WARN] DbFile:35 - Overriding database path with different value: C:\Users\TRAN DAT\.stmcufinder\plugins\mcufinder/ => C:\Users\TRAN DAT\.stmcufinder\plugins\mcufinder
2021-11-02 11:06:28,954 [WARN] DbFile:35 - Overriding database path with different value: C:\Users\TRAN DAT\.stmcufinder\plugins\mcufinder/ => C:\Users\TRAN DAT\.stmcufinder\plugins\mcufinder
2021-11-02 11:06:29,825 [INFO] CrossReferenceDbSqlite:196 - Set database path to: C:\Users\TRAN DAT\.stmcufinder\plugins\mcufinder//mcu/cs/
2021-11-02 11:06:29,826 [WARN] DbFile:35 - Overriding database path with different value: C:\Users\TRAN DAT\.stmcufinder\plugins\mcufinder/ => C:\Users\TRAN DAT\.stmcufinder\plugins\mcufinder
2021-11-02 11:06:29,826 [INFO] DbExamplesSqlite:767 - Set database path to: C:\Users\TRAN DAT\.stmcufinder\plugins\mcufinder//mcu/
2021-11-02 11:06:29,849 [INFO] ApplicationProperties:181 - Using Application install path: D:\ST\STM32CubeIDE_1.7.0\STM32CubeIDE\plugins\com.st.stm32cube.common.mx_6.3.0.202107141111
2021-11-02 11:06:29,850 [INFO] PluginManage:188 - Search for loadable plugins [exclusion list=, ]
2021-11-02 11:06:29,851 [INFO] PluginManage:302 - Check plugin analytics
2021-11-02 11:06:30,885 [INFO] AnalyticsPlugin:257 - Accepted Software Licenses: 
2021-11-02 11:06:30,885 [INFO] AnalyticsPlugin:259 - Accepted CMSIS Pack Licenses: 
2021-11-02 11:06:30,886 [INFO] AnalyticsPlugin:261 - Accepted Firmware Licenses: 
2021-11-02 11:06:30,886 [INFO] PluginManage:352 - Loaded plugin analytics (category:tool,tabindex:-1)
2021-11-02 11:06:30,886 [INFO] PluginManage:302 - Check plugin clock
2021-11-02 11:06:30,896 [INFO] PluginManage:352 - Loaded plugin clock (category:base,tabindex:2)
2021-11-02 11:06:30,897 [INFO] PluginManage:302 - Check plugin ddr
2021-11-02 11:06:30,898 [INFO] PluginManage:352 - Loaded plugin ddr (category:tool,tabindex:6)
2021-11-02 11:06:30,899 [INFO] PluginManage:302 - Check plugin filemanager
2021-11-02 11:06:31,015 [INFO] PluginManage:352 - Loaded plugin filemanager (category:base,tabindex:10)
2021-11-02 11:06:31,016 [INFO] PluginManage:302 - Check plugin ipmanager
2021-11-02 11:06:31,024 [INFO] PluginManage:352 - Loaded plugin ipmanager (category:base,tabindex:5)
2021-11-02 11:06:31,024 [INFO] PluginManage:302 - Check plugin pinoutandconfiguration
2021-11-02 11:06:31,031 [INFO] PluginManage:352 - Loaded plugin pinoutandconfiguration (category:base,tabindex:1)
2021-11-02 11:06:31,031 [INFO] PluginManage:302 - Check plugin pinoutconfig
2021-11-02 11:06:31,054 [INFO] PluginManage:352 - Loaded plugin pinoutconfig (category:base,tabindex:0)
2021-11-02 11:06:31,055 [INFO] PluginManage:302 - Check plugin power
2021-11-02 11:06:31,063 [INFO] PluginManage:352 - Loaded plugin power (category:power,tabindex:4)
2021-11-02 11:06:31,063 [INFO] PluginManage:302 - Check plugin projectmanager
2021-11-02 11:06:31,079 [INFO] PluginManage:352 - Loaded plugin projectmanager (category:projectmanager,tabindex:3)
2021-11-02 11:06:31,079 [INFO] PluginManage:302 - Check plugin thirdparty
2021-11-02 11:06:31,207 [WARN] IntegrityCheckThread:78 - waiting for thirdparty lock release [integrity check]
2021-11-02 11:06:31,208 [INFO] IntegrityCheckThread:80 - entering critical section [integrity check]
2021-11-02 11:06:31,208 [INFO] PluginManage:352 - Loaded plugin thirdparty (category:base,tabindex:-1)
2021-11-02 11:06:31,208 [INFO] PluginManage:302 - Check plugin tools
2021-11-02 11:06:31,208 [INFO] ThirdPartyUpdaterWithRetryManager:66 - Updater plugin not ready yet. [1/15]
2021-11-02 11:06:31,210 [INFO] PluginManage:352 - Loaded plugin tools (category:base,tabindex:7)
2021-11-02 11:06:31,210 [INFO] PluginManage:302 - Check plugin tutovideos
2021-11-02 11:06:31,395 [INFO] PluginManage:352 - Loaded plugin tutovideos (category:base,tabindex:-1)
2021-11-02 11:06:31,395 [INFO] PluginManage:302 - Check plugin updater
2021-11-02 11:06:31,406 [INFO] PluginManage:352 - Loaded plugin updater (category:base,tabindex:12)
2021-11-02 11:06:31,406 [INFO] PluginManage:275 - PluginManage : Loaded plugins [13]
2021-11-02 11:06:31,557 [INFO] PinOutPanel:1463 - setPackage(No Configuration,No Configuration)
2021-11-02 11:06:31,634 [INFO] IPUIPlugin:74 - create IPUIPlugin
2021-11-02 11:06:31,635 [INFO] PluginManager:213 - loadIPPluginJar : add adc
2021-11-02 11:06:31,637 [INFO] IPUIPlugin:74 - create IPUIPlugin
2021-11-02 11:06:31,637 [INFO] PluginManager:213 - loadIPPluginJar : add aes
2021-11-02 11:06:31,640 [INFO] IPUIPlugin:74 - create IPUIPlugin
2021-11-02 11:06:31,640 [INFO] PluginManager:213 - loadIPPluginJar : add can
2021-11-02 11:06:31,641 [INFO] IPUIPlugin:74 - create IPUIPlugin
2021-11-02 11:06:31,642 [INFO] PluginManager:213 - loadIPPluginJar : add comp
2021-11-02 11:06:31,643 [INFO] IPUIPlugin:74 - create IPUIPlugin
2021-11-02 11:06:31,644 [INFO] PluginManager:213 - loadIPPluginJar : add cryp
2021-11-02 11:06:31,645 [INFO] IPUIPlugin:74 - create IPUIPlugin
2021-11-02 11:06:31,646 [INFO] PluginManager:213 - loadIPPluginJar : add dfsdm
2021-11-02 11:06:31,651 [INFO] IPUIPlugin:74 - create IPUIPlugin
2021-11-02 11:06:31,652 [INFO] PluginManager:213 - loadIPPluginJar : add dma
2021-11-02 11:06:31,654 [INFO] IPUIPlugin:74 - create IPUIPlugin
2021-11-02 11:06:31,654 [INFO] PluginManager:213 - loadIPPluginJar : add dma3
2021-11-02 11:06:31,656 [INFO] IPUIPlugin:74 - create IPUIPlugin
2021-11-02 11:06:31,656 [INFO] PluginManager:213 - loadIPPluginJar : add fatfs
2021-11-02 11:06:31,660 [INFO] IPUIPlugin:74 - create IPUIPlugin
2021-11-02 11:06:31,660 [INFO] PluginManager:213 - loadIPPluginJar : add fmc
2021-11-02 11:06:31,665 [INFO] IPUIPlugin:74 - create IPUIPlugin
2021-11-02 11:06:31,665 [INFO] PluginManager:213 - loadIPPluginJar : add freertos
2021-11-02 11:06:31,666 [INFO] IPUIPlugin:74 - create IPUIPlugin
2021-11-02 11:06:31,667 [INFO] PluginManager:213 - loadIPPluginJar : add genericplugin
2021-11-02 11:06:31,668 [INFO] IPUIPlugin:74 - create IPUIPlugin
2021-11-02 11:06:31,668 [INFO] PluginManager:213 - loadIPPluginJar : add gfxmmu
2021-11-02 11:06:31,674 [INFO] IPUIPlugin:74 - create IPUIPlugin
2021-11-02 11:06:31,674 [INFO] PluginManager:213 - loadIPPluginJar : add gic
2021-11-02 11:06:31,677 [INFO] IPUIPlugin:74 - create IPUIPlugin
2021-11-02 11:06:31,677 [INFO] PluginManager:213 - loadIPPluginJar : add gpio
2021-11-02 11:06:31,680 [INFO] IPUIPlugin:74 - create IPUIPlugin
2021-11-02 11:06:31,680 [INFO] PluginManager:213 - loadIPPluginJar : add gtzc
2021-11-02 11:06:31,682 [INFO] IPUIPlugin:74 - create IPUIPlugin
2021-11-02 11:06:31,682 [INFO] PluginManager:213 - loadIPPluginJar : add hash
2021-11-02 11:06:31,684 [INFO] IPUIPlugin:74 - create IPUIPlugin
2021-11-02 11:06:31,684 [INFO] PluginManager:213 - loadIPPluginJar : add i2c
2021-11-02 11:06:31,686 [INFO] IPUIPlugin:74 - create IPUIPlugin
2021-11-02 11:06:31,686 [INFO] PluginManager:213 - loadIPPluginJar : add i2s
2021-11-02 11:06:31,689 [INFO] IPUIPlugin:74 - create IPUIPlugin
2021-11-02 11:06:31,689 [INFO] PluginManager:213 - loadIPPluginJar : add ipddr
2021-11-02 11:06:31,695 [INFO] IPUIPlugin:74 - create IPUIPlugin
2021-11-02 11:06:31,695 [INFO] PluginManager:213 - loadIPPluginJar : add linkedlist
2021-11-02 11:06:31,698 [INFO] IPUIPlugin:74 - create IPUIPlugin
2021-11-02 11:06:31,698 [INFO] PluginManager:213 - loadIPPluginJar : add lorawan
2021-11-02 11:06:31,699 [INFO] IPUIPlugin:74 - create IPUIPlugin
2021-11-02 11:06:31,699 [INFO] PluginManager:213 - loadIPPluginJar : add ltdc
2021-11-02 11:06:31,702 [INFO] IPUIPlugin:74 - create IPUIPlugin
2021-11-02 11:06:31,703 [INFO] PluginManager:213 - loadIPPluginJar : add mdma
2021-11-02 11:06:31,706 [INFO] IPUIPlugin:74 - create IPUIPlugin
2021-11-02 11:06:31,706 [INFO] PluginManager:213 - loadIPPluginJar : add nvic
2021-11-02 11:06:31,709 [INFO] IPUIPlugin:74 - create IPUIPlugin
2021-11-02 11:06:31,709 [INFO] PluginManager:213 - loadIPPluginJar : add opamp
2021-11-02 11:06:31,711 [INFO] IPUIPlugin:74 - create IPUIPlugin
2021-11-02 11:06:31,712 [INFO] PluginManager:213 - loadIPPluginJar : add openamp
2021-11-02 11:06:31,714 [INFO] IPUIPlugin:74 - create IPUIPlugin
2021-11-02 11:06:31,714 [INFO] PluginManager:213 - loadIPPluginJar : add pdm2pcm
2021-11-02 11:06:31,720 [INFO] IPUIPlugin:74 - create IPUIPlugin
2021-11-02 11:06:31,724 [INFO] PluginManager:213 - loadIPPluginJar : add plateformsettings
2021-11-02 11:06:31,726 [INFO] IPUIPlugin:74 - create IPUIPlugin
2021-11-02 11:06:31,726 [INFO] PluginManager:213 - loadIPPluginJar : add quadspi
2021-11-02 11:06:31,728 [INFO] IPUIPlugin:74 - create IPUIPlugin
2021-11-02 11:06:31,729 [INFO] PluginManager:213 - loadIPPluginJar : add resmgrutility
2021-11-02 11:06:31,731 [INFO] IPUIPlugin:74 - create IPUIPlugin
2021-11-02 11:06:31,731 [INFO] PluginManager:213 - loadIPPluginJar : add sai
2021-11-02 11:06:31,733 [INFO] IPUIPlugin:74 - create IPUIPlugin
2021-11-02 11:06:31,733 [INFO] PluginManager:213 - loadIPPluginJar : add spi
2021-11-02 11:06:31,736 [INFO] IPUIPlugin:74 - create IPUIPlugin
2021-11-02 11:06:31,737 [INFO] PluginManager:213 - loadIPPluginJar : add stm32_wpan
2021-11-02 11:06:31,738 [INFO] IPUIPlugin:74 - create IPUIPlugin
2021-11-02 11:06:31,739 [INFO] PluginManager:213 - loadIPPluginJar : add tim
2021-11-02 11:06:31,742 [INFO] IPUIPlugin:74 - create IPUIPlugin
2021-11-02 11:06:31,742 [INFO] PluginManager:213 - loadIPPluginJar : add touchsensing
2021-11-02 11:06:31,743 [INFO] IPUIPlugin:74 - create IPUIPlugin
2021-11-02 11:06:31,743 [INFO] PluginManager:213 - loadIPPluginJar : add tracer_emb
2021-11-02 11:06:31,745 [INFO] IPUIPlugin:74 - create IPUIPlugin
2021-11-02 11:06:31,745 [INFO] PluginManager:213 - loadIPPluginJar : add ts
2021-11-02 11:06:31,746 [INFO] IPUIPlugin:74 - create IPUIPlugin
2021-11-02 11:06:31,746 [INFO] PluginManager:213 - loadIPPluginJar : add tsc
2021-11-02 11:06:31,748 [INFO] IPUIPlugin:74 - create IPUIPlugin
2021-11-02 11:06:31,748 [INFO] PluginManager:213 - loadIPPluginJar : add ucpd
2021-11-02 11:06:31,750 [INFO] IPUIPlugin:74 - create IPUIPlugin
2021-11-02 11:06:31,750 [INFO] PluginManager:213 - loadIPPluginJar : add usart
2021-11-02 11:06:31,752 [INFO] IPUIPlugin:74 - create IPUIPlugin
2021-11-02 11:06:31,753 [INFO] PluginManager:213 - loadIPPluginJar : add usbx
2021-11-02 11:06:32,068 [FATAL] Updater:294 - Updater called before beeing initialized
2021-11-02 11:06:32,178 [FATAL] Updater:294 - Updater called before beeing initialized
2021-11-02 11:06:32,182 [INFO] DbMcusAds:47 - JSON generation date=Thu Sep 30 13:56:37 ICT 2021 (1632984997303)
2021-11-02 11:06:32,183 [FATAL] Updater:294 - Updater called before beeing initialized
2021-11-02 11:06:32,216 [WARN] DetailPanel:314 - Failed to get advertising image, set to default
2021-11-02 11:06:32,316 [FATAL] Updater:294 - Updater called before beeing initialized
2021-11-02 11:06:32,318 [FATAL] Updater:294 - Updater called before beeing initialized
2021-11-02 11:06:32,318 [FATAL] Updater:294 - Updater called before beeing initialized
2021-11-02 11:06:32,318 [WARN] DetailPanel:314 - Failed to get advertising image, set to default
2021-11-02 11:06:32,319 [FATAL] Updater:294 - Updater called before beeing initialized
2021-11-02 11:06:32,373 [ERROR] Updater:1075 - MainUpdater not yet initialized. External WinMGr cannot be set.
2021-11-02 11:06:32,375 [INFO] Updater:1012 - Updater Version found : 6.3.0
2021-11-02 11:06:32,392 [INFO] ApplicationProperties:181 - Using Application install path: D:\ST\STM32CubeIDE_1.7.0\STM32CubeIDE\plugins\com.st.stm32cube.common.mx_6.3.0.202107141111
2021-11-02 11:06:32,947 [INFO] MainUpdater:2671 - connection check result : 10
2021-11-02 11:06:32,948 [INFO] MainUpdater:265 - Updater Check For Update Now.
2021-11-02 11:06:32,948 [INFO] MicroXplorer:478 - Change Database Version : DB.6.0.30
2021-11-02 11:06:33,098 [INFO] CheckServerUpdateThread:112 - End of CheckServer Thread
2021-11-02 11:06:33,174 [INFO] MainUpdater:2671 - connection check result : 10
2021-11-02 11:06:33,527 [INFO] McuFinderGlobals:52 - Set McuFinderConnectedMode to false
2021-11-02 11:06:33,677 [INFO] CrossSelectorPresenter:1330 - Cross Selector saved comparison directory: C:\Users\TRAN DAT\.stmcufinder\plugins\mcufinder\mcu\cs_comparisons_mx
2021-11-02 11:06:33,683 [INFO] MultiScanPanel:197 - Auto-refresh data requested => check proxy status ongoing
2021-11-02 11:06:33,683 [INFO] MultiScanPanel:201 - Proxy status is invalid
2021-11-02 11:06:33,687 [INFO] FinderPluginLoader:87 - Searching for filters in installed packs
2021-11-02 11:06:33,689 [INFO] DbMcusXml:100 - Load MCU database from D:\ST\STM32CubeIDE_1.7.0\STM32CubeIDE\plugins\com.st.stm32cube.common.mx_6.3.0.202107141111\\db\/mcu/families.xml
2021-11-02 11:06:34,386 [WARN] PackLoader:238 - Cannot read IP mode file for RoweBots.I-CUBE-UNISONRTOS.5.5.0-4
2021-11-02 11:06:34,474 [WARN] PackLoader:238 - Cannot read IP mode file for STMicroelectronics.X-CUBE-MEMS1.9.0.0
2021-11-02 11:06:34,778 [INFO] DbMcusJson:93 - JSON generation date=Fri Oct 29 14:56:29 ICT 2021 (1635494189)
2021-11-02 11:06:34,778 [WARN] PackLoader:238 - Cannot read IP mode file for STMicroelectronics.X-CUBE-AZRTOS-H7.1.1.0
2021-11-02 11:06:34,850 [WARN] PackLoader:238 - Cannot read IP mode file for SEGGER.I-CUBE-embOS.1.2.0
2021-11-02 11:06:34,922 [WARN] PackLoader:238 - Cannot read IP mode file for STMicroelectronics.X-CUBE-BLE1.6.2.1
2021-11-02 11:06:34,930 [WARN] PackLoader:238 - Cannot read IP mode file for STMicroelectronics.X-CUBE-BLE2.3.2.1
2021-11-02 11:06:34,937 [WARN] PackLoader:238 - Cannot read IP mode file for STMicroelectronics.X-CUBE-BLE2.3.2.2
2021-11-02 11:06:34,943 [WARN] PackLoader:238 - Cannot read IP mode file for STMicroelectronics.X-CUBE-NFC4.2.0.3
2021-11-02 11:06:34,950 [WARN] PackLoader:238 - Cannot read IP mode file for wolfSSL.I-CUBE-wolfSSL.4.8.0
2021-11-02 11:06:34,955 [WARN] PackLoader:238 - Cannot read IP mode file for STMicroelectronics.X-CUBE-TOUCHGFX.4.17.0
2021-11-02 11:06:34,964 [WARN] PackLoader:238 - Cannot read IP mode file for STMicroelectronics.X-CUBE-SFXS2LP1.3.1.0
2021-11-02 11:06:35,002 [WARN] PackLoader:238 - Cannot read IP mode file for STMicroelectronics.X-CUBE-AZRTOS-F4.1.0.0
2021-11-02 11:06:35,051 [WARN] PackLoader:238 - Cannot read IP mode file for STMicroelectronics.X-CUBE-AZRTOS-H7.2.0.0
2021-11-02 11:06:35,094 [WARN] PackLoader:238 - Cannot read IP mode file for STMicroelectronics.X-CUBE-AZRTOS-L4.1.0.0
2021-11-02 11:06:35,106 [WARN] PackLoader:238 - Cannot read IP mode file for STMicroelectronics.X-CUBE-TOF1.2.0.0
2021-11-02 11:06:35,116 [WARN] PackLoader:238 - Cannot read IP mode file for STMicroelectronics.X-CUBE-SUBG2.4.2.0
2021-11-02 11:06:35,124 [WARN] PackLoader:238 - Cannot read IP mode file for STMicroelectronics.X-CUBE-ALS.1.0.1
2021-11-02 11:06:35,128 [WARN] PackLoader:238 - Cannot read IP mode file for STMicroelectronics.X-CUBE-AI.7.0.0
2021-11-02 11:06:35,133 [WARN] PackLoader:238 - Cannot read IP mode file for STMicroelectronics.X-CUBE-ALGOBUILD.1.2.1
2021-11-02 11:06:35,136 [WARN] PackLoader:238 - Cannot read IP mode file for STMicroelectronics.X-CUBE-DISPLAY.1.0.0
2021-11-02 11:06:35,140 [WARN] PackLoader:238 - Cannot read IP mode file for STMicroelectronics.X-CUBE-EEPRMA1.3.1.0
2021-11-02 11:06:35,145 [WARN] PackLoader:238 - Cannot read IP mode file for STMicroelectronics.X-CUBE-GNSS1.5.2.0
2021-11-02 11:06:35,146 [INFO] ThirdParty:915 - Integrity check success = true
2021-11-02 11:06:35,146 [INFO] IntegrityCheckThread:94 - exiting critical section [integrity check]
2021-11-02 11:06:35,146 [INFO] IntegrityCheckThread:97 - End integrity checks thread
2021-11-02 11:06:35,530 [INFO] DbMcus:175 - Found 1951 MCUs (1903 are supported by CubeMX, 1905 are visible in CubeMX)
2021-11-02 11:06:35,531 [INFO] ApiDb:251 - Load user favorites file C:\Users\TRAN DAT/.stm32cubeide/favorites.mcus.txt: 0 item(s)
2021-11-02 11:06:35,531 [INFO] ApiDb:255 - User favorites MCUs=[]
2021-11-02 11:06:35,531 [INFO] DbMcus:187 - Set 0 / 0 favorites MCUs
2021-11-02 11:06:36,116 [INFO] DetailPanel:309 - Set advertising image to C:/Users/TRAN DAT/STM32Cube/Repository/\en.Prom_NBSTM32U50921.jpg
2021-11-02 11:06:36,563 [INFO] DbBoardsPdsc:90 - Found 25 items
2021-11-02 11:06:36,573 [INFO] DbBoardsPdsc:90 - Found 9 items
2021-11-02 11:06:36,584 [INFO] DbBoardsPdsc:90 - Found 33 items
2021-11-02 11:06:36,602 [INFO] DbBoardsPdsc:90 - Found 1 items
2021-11-02 11:06:36,617 [INFO] DbBoardsPdsc:90 - Found 48 items
2021-11-02 11:06:36,633 [INFO] DbBoardsPdsc:90 - Found 43 items
2021-11-02 11:06:36,642 [INFO] DbBoardsPdsc:90 - Found 2 items
2021-11-02 11:06:36,650 [INFO] DbBoardsPdsc:90 - Found 5 items
2021-11-02 11:06:36,654 [WARN] DbBoardsPdsc:254 - Board STM32H7B3I-DK: unknown feature type=Audio, name=, username=Audio stereo codec with Headphone Amp (CS42L51-CNZ), n=1
2021-11-02 11:06:36,655 [WARN] DbBoardsPdsc:254 - Board STM32H735G-DK: unknown feature type=Audio, name=, username=Audio stereo codec with Headphone Amp (WM8994ECS/R), n=1
2021-11-02 11:06:36,656 [WARN] DbBoardsPdsc:254 - Board STM32H7B3I-EVAL: unknown feature type=Audio, name=, username=Multi-Channel Audio Codec (CS42L51-CNZ), n=1
2021-11-02 11:06:36,656 [WARN] DbBoardsPdsc:254 - Board STM32H7B3I-EVAL: unknown feature type=Meter, name=, username=Power-metering and Temperature-monitoring with sigma-delta modulators, n=1
2021-11-02 11:06:36,656 [WARN] DbBoardsPdsc:254 - Board STM32H7B3I-EVAL: unknown feature type=Motor, name=, username=Motor Control, n=1
2021-11-02 11:06:36,657 [WARN] DbBoardsPdsc:254 - Board STM32U575I-EV: unknown feature type=joystick, name=, username=4-direction joystick with selection button, n=1
2021-11-02 11:06:36,701 [INFO] DbBoardsJson:86 - JSON generation date=Fri Oct 29 14:56:29 ICT 2021 (1635494189)
2021-11-02 11:06:36,706 [INFO] DbBoards:117 - Found 167 boards (163 are supported by CubeMX)
2021-11-02 11:06:36,716 [INFO] DbBoardsDocs:143 - JSON generation date=Fri Oct 29 14:56:29 ICT 2021 (1635494189)
2021-11-02 11:06:36,720 [INFO] DbBoardsDocs:79 - Found 209 boards documents
2021-11-02 11:06:36,721 [WARN] DbBoards:127 - board B-L475E-IOT01A2 has no document id list !
2021-11-02 11:06:36,721 [WARN] DbBoards:127 - board NUCLEO-H743ZI has no document id list !
2021-11-02 11:06:36,722 [WARN] DbBoards:127 - board NUCLEO-WL55JC2 has no document id list !
2021-11-02 11:06:36,722 [WARN] DbBoards:127 - board P-NUCLEO-WB55-Nucleo has no document id list !
2021-11-02 11:06:36,722 [WARN] DbBoards:127 - board P-NUCLEO-WB55-USBDongle has no document id list !
2021-11-02 11:06:36,722 [WARN] DbBoards:127 - board STEVAL-BFA001V1B has no document id list !
2021-11-02 11:06:36,722 [WARN] DbBoards:127 - board STEVAL-BFA001V2B has no document id list !
2021-11-02 11:06:36,722 [WARN] DbBoards:127 - board STEVAL-IDP005V1 has no document id list !
2021-11-02 11:06:36,722 [WARN] DbBoards:127 - board STEVAL-IDP005V2 has no document id list !
2021-11-02 11:06:36,722 [WARN] DbBoards:127 - board STEVAL-MKSBOX1V1 has no document id list !
2021-11-02 11:06:36,722 [WARN] DbBoards:127 - board STEVAL-STWINKT1 has no document id list !
2021-11-02 11:06:36,722 [WARN] DbBoards:127 - board STEVAL-STWINKT1B has no document id list !
2021-11-02 11:06:36,723 [WARN] DbBoards:127 - board STM32439I-EVAL2 has no document id list !
2021-11-02 11:06:36,723 [WARN] DbBoards:127 - board STM32F401C-DISCO has no document id list !
2021-11-02 11:06:36,723 [WARN] DbBoards:127 - board STM32F769I-DISC1 has no document id list !
2021-11-02 11:06:36,723 [WARN] DbBoards:127 - board STM32G474E-EVAL1 has no document id list !
2021-11-02 11:06:36,724 [WARN] DbBoards:127 - board STM32H743I-EVAL2 has no document id list !
2021-11-02 11:06:36,724 [WARN] DbBoards:127 - board STM32H747I-DISC1 has no document id list !
2021-11-02 11:06:36,724 [WARN] DbBoards:127 - board STM32H753I-EVAL2 has no document id list !
2021-11-02 11:06:36,724 [WARN] DbBoards:127 - board STM32L-DISCOVERY has no document id list !
2021-11-02 11:06:36,941 [ERROR] DbBoards:189 - Image file not found for board B-U585I-IOT02A: D:\ST\STM32CubeIDE_1.7.0\STM32CubeIDE\plugins\com.st.stm32cube.common.mx_6.3.0.202107141111\\db\/plugins/mcufinder/images/boards/B-U585I-IOT02A_small.jpg
2021-11-02 11:06:39,593 [INFO] ApiDb:251 - Load user favorites file C:\Users\TRAN DAT/.stm32cubeide/favorites.boards.txt: 0 item(s)
2021-11-02 11:06:39,593 [INFO] ApiDb:255 - User favorites Boards=[]
2021-11-02 11:06:39,593 [INFO] DbBoards:206 - Set 0 / 0 favorites Boards
2021-11-02 11:06:53,629 [INFO] DbMcusDocs:143 - JSON generation date=Fri Oct 29 14:56:29 ICT 2021 (1635494189)
2021-11-02 11:06:54,013 [INFO] DbMcusDocs:79 - Found 682 MCUs documents
2021-11-02 11:07:06,645 [INFO] MainUpdater:2671 - connection check result : 10
2021-11-02 11:07:06,646 [INFO] MainUpdater:2671 - connection check result : 10
2021-11-02 11:07:06,678 [INFO] MicroXplorer:448 - Change Database Path : 
2021-11-02 11:07:06,678 [INFO] MicroXplorer:478 - Change Database Version : DB.6.0.30
2021-11-02 11:07:06,679 [WARN] ThirdParty:813 - waiting for thirdparty lock release [close project]
2021-11-02 11:07:06,679 [INFO] ThirdParty:815 - entering critical section [close project]
2021-11-02 11:07:06,680 [INFO] ThirdParty:825 - exiting critical section [close project]
2021-11-02 11:07:06,686 [INFO] PinOutPanel:1463 - setPackage(No Configuration,No Configuration)
2021-11-02 11:07:06,687 [INFO] UtilMem:74 - Begin LoadConfig() Used Memory: 621400272 Bytes (622854144)
2021-11-02 11:07:06,688 [INFO] MicroXplorer:448 - Change Database Path : 
2021-11-02 11:07:06,688 [INFO] MicroXplorer:478 - Change Database Version : DB.6.0.30
2021-11-02 11:07:06,688 [INFO] OpenFileManager:313 - Change cursor
2021-11-02 11:07:07,358 [INFO] Context:592 - Trying to add GPIOservice into a context  which must be forbidden
2021-11-02 11:07:07,553 [INFO] ImportTextPane:167 - (OptionalMessage_ERROR) Unable to find key (Mcu.ThirdPartyNb) in loaded IOC file
2021-11-02 11:07:07,553 [INFO] ImportTextPane:167 - (OptionalMessage_ERROR) Unable to find key (Mcu.PinsNb) in loaded IOC file
2021-11-02 11:07:07,553 [INFO] ImportTextPane:167 - (OptionalMessage_ERROR) Unable to find key (Mcu.IPNb) in loaded IOC file
2021-11-02 11:07:07,594 [WARN] ApiManager:304 - Cannot register API 'Board Extension:S2868A1' from pack STMicroelectronics.X-CUBE-SFXS2LP1.3.1.0: no header file found
2021-11-02 11:07:07,594 [WARN] ApiManager:304 - Cannot register API 'Board Extension:S2868A2' from pack STMicroelectronics.X-CUBE-SFXS2LP1.3.1.0: no header file found
2021-11-02 11:07:07,594 [WARN] ApiManager:304 - Cannot register API 'Board Extension:S2915A1' from pack STMicroelectronics.X-CUBE-SFXS2LP1.3.1.0: no header file found
2021-11-02 11:07:07,613 [WARN] ModelIntegratedComponent:60 - No mode defined for component null
2021-11-02 11:07:07,613 [WARN] ModelIntegratedComponent:60 - No mode defined for component null
2021-11-02 11:07:07,613 [WARN] ModelIntegratedComponent:60 - No mode defined for component null
2021-11-02 11:07:07,613 [WARN] ModelIntegratedComponent:60 - No mode defined for component null
2021-11-02 11:07:07,613 [WARN] ModelIntegratedComponent:60 - No mode defined for component null
2021-11-02 11:07:07,613 [WARN] ModelIntegratedComponent:60 - No mode defined for component null
2021-11-02 11:07:07,613 [WARN] ModelIntegratedComponent:60 - No mode defined for component null
2021-11-02 11:07:07,614 [WARN] ModelIntegratedComponent:60 - No mode defined for component null
2021-11-02 11:07:07,614 [WARN] ModelIntegratedComponent:60 - No mode defined for component null
2021-11-02 11:07:07,614 [WARN] ModelIntegratedComponent:60 - No mode defined for component null
2021-11-02 11:07:07,614 [WARN] ModelIntegratedComponent:60 - No mode defined for component null
2021-11-02 11:07:07,614 [WARN] ModelIntegratedComponent:60 - No mode defined for component null
2021-11-02 11:07:07,614 [WARN] ModelIntegratedComponent:60 - No mode defined for component null
2021-11-02 11:07:07,614 [WARN] ModelIntegratedComponent:60 - No mode defined for component null
2021-11-02 11:07:07,614 [WARN] ModelIntegratedComponent:60 - No mode defined for component null
2021-11-02 11:07:07,614 [WARN] ModelIntegratedComponent:60 - No mode defined for component null
2021-11-02 11:07:07,614 [WARN] ModelIntegratedComponent:60 - No mode defined for component null
2021-11-02 11:07:07,614 [WARN] ModelIntegratedComponent:60 - No mode defined for component null
2021-11-02 11:07:07,615 [WARN] ModelIntegratedComponent:60 - No mode defined for component null
2021-11-02 11:07:07,615 [WARN] ModelIntegratedComponent:60 - No mode defined for component null
2021-11-02 11:07:07,615 [WARN] ModelIntegratedComponent:60 - No mode defined for component null
2021-11-02 11:07:07,615 [WARN] ModelIntegratedComponent:60 - No mode defined for component null
2021-11-02 11:07:07,615 [WARN] ModelIntegratedComponent:60 - No mode defined for component null
2021-11-02 11:07:07,615 [WARN] ModelIntegratedComponent:60 - No mode defined for component null
2021-11-02 11:07:07,615 [WARN] ModelIntegratedComponent:60 - No mode defined for component null
2021-11-02 11:07:07,615 [WARN] ModelIntegratedComponent:60 - No mode defined for component null
2021-11-02 11:07:07,615 [WARN] ModelIntegratedComponent:60 - No mode defined for component null
2021-11-02 11:07:07,615 [WARN] ModelIntegratedComponent:60 - No mode defined for component null
2021-11-02 11:07:07,615 [WARN] ModelIntegratedComponent:60 - No mode defined for component null
2021-11-02 11:07:07,615 [WARN] ModelIntegratedComponent:60 - No mode defined for component null
2021-11-02 11:07:07,616 [WARN] ModelIntegratedComponent:60 - No mode defined for component null
2021-11-02 11:07:07,756 [WARN] ApiManager:304 - Cannot register API 'Board Extension:IKS01A3' from pack STMicroelectronics.X-CUBE-MEMS1.9.0.0: no header file found
2021-11-02 11:07:07,756 [WARN] ApiManager:304 - Cannot register API 'Board Extension:IKS01A2' from pack STMicroelectronics.X-CUBE-MEMS1.9.0.0: no header file found
2021-11-02 11:07:07,756 [WARN] ApiManager:304 - Cannot register API 'Board Extension:IKS02A1' from pack STMicroelectronics.X-CUBE-MEMS1.9.0.0: no header file found
2021-11-02 11:07:07,766 [WARN] ApiManager:304 - Cannot register API 'Board Extension:S2868A1' from pack STMicroelectronics.X-CUBE-SUBG2.4.2.0: no header file found
2021-11-02 11:07:07,766 [WARN] ApiManager:304 - Cannot register API 'Board Extension:S2868A2' from pack STMicroelectronics.X-CUBE-SUBG2.4.2.0: no header file found
2021-11-02 11:07:07,766 [WARN] ApiManager:304 - Cannot register API 'Board Extension:S2915A1' from pack STMicroelectronics.X-CUBE-SUBG2.4.2.0: no header file found
2021-11-02 11:07:07,771 [INFO] RtosManager:484 - Registered RTOS mode: class=CMSIS, group=RTOS, mode=CMSIS_V1, owner=FREERTOS
2021-11-02 11:07:07,771 [INFO] RtosManager:484 - Registered RTOS mode: class=CMSIS, group=RTOS2, mode=CMSIS_V2, owner=FREERTOS
2021-11-02 11:07:07,771 [INFO] RtosManager:484 - Registered RTOS mode: class=RTOS, group=Core, mode=CMSIS_V1, owner=FREERTOS
2021-11-02 11:07:07,771 [INFO] RtosManager:484 - Registered RTOS mode: class=RTOS, group=Core, mode=CMSIS_V2, owner=FREERTOS
2021-11-02 11:07:07,771 [WARN] ModelIntegratedComponent:181 - Missing modes for component STMicroelectronics:FreeRTOS:0.0.1:STMicroelectronics:RTOS:FreeRTOS:Core:::10.2.0:
2021-11-02 11:07:07,775 [WARN] ApiManager:304 - Cannot register API 'Board Extension:EEPRMA1' from pack STMicroelectronics.X-CUBE-EEPRMA1.3.1.0: no header file found
2021-11-02 11:07:07,775 [WARN] ApiManager:304 - Cannot register API 'Board Extension:EEPRMA2' from pack STMicroelectronics.X-CUBE-EEPRMA1.3.1.0: no header file found
2021-11-02 11:07:07,776 [WARN] ApiManager:304 - Cannot register API 'Board Extension:GNSS1A1' from pack STMicroelectronics.X-CUBE-GNSS1.5.2.0: no header file found
2021-11-02 11:07:07,776 [WARN] ApiManager:304 - Cannot register API 'Board Support:Custom' from pack STMicroelectronics.X-CUBE-GNSS1.5.2.0: no header file found
2021-11-02 11:07:07,776 [WARN] ApiManager:304 - Cannot register API 'Data Exchange:lib_gnss' from pack STMicroelectronics.X-CUBE-GNSS1.5.2.0: no header file found
2021-11-02 11:07:07,776 [WARN] ApiManager:304 - Cannot register API 'Wireless:BlueNRG-MS' from pack STMicroelectronics.X-CUBE-BLE1.6.2.1: no header file found
2021-11-02 11:07:07,777 [WARN] ApiManager:304 - Cannot register API 'Wireless:BlueNRG-2' from pack STMicroelectronics.X-CUBE-BLE2.3.2.1: no header file found
2021-11-02 11:07:07,777 [WARN] ApiManager:304 - Cannot register API 'Wireless:BlueNRG-2' from pack STMicroelectronics.X-CUBE-BLE2.3.2.2: no header file found
2021-11-02 11:07:07,778 [WARN] ApiManager:304 - Cannot register API 'Board Extension:NFC04A1' from pack STMicroelectronics.X-CUBE-NFC4.2.0.3: no header file found
2021-11-02 11:07:08,581 [INFO] UtilMem:74 - End LoadConfig() Used Memory: 320529920 Bytes (645922816)
2021-11-02 11:07:08,583 [WARN] ThirdParty:779 - waiting for thirdparty lock release [change project]
2021-11-02 11:07:08,583 [INFO] ThirdParty:781 - entering critical section [change project]
2021-11-02 11:07:08,583 [INFO] ThirdParty:967 - CMSIS Pack Vendor :STMicroelectronics X-CUBE-SFXS2LP1 3.1.0
2021-11-02 11:07:08,583 [INFO] ThirdParty:967 - CMSIS Pack Vendor :RoweBots I-CUBE-UNISONRTOS 5.5.0-4
2021-11-02 11:07:08,583 [INFO] ThirdParty:967 - CMSIS Pack Vendor :STMicroelectronics X-CUBE-AZRTOS-F4 1.0.0
2021-11-02 11:07:08,583 [INFO] ThirdParty:967 - CMSIS Pack Vendor :STMicroelectronics USB_HOST 2.0.0
2021-11-02 11:07:08,583 [INFO] ThirdParty:967 - CMSIS Pack Vendor :STMicroelectronics X-CUBE-AZRTOS-H7 2.0.0
2021-11-02 11:07:08,583 [INFO] ThirdParty:967 - CMSIS Pack Vendor :STMicroelectronics X-CUBE-AZRTOS-L4 1.0.0
2021-11-02 11:07:08,584 [INFO] ThirdParty:967 - CMSIS Pack Vendor :STMicroelectronics USB_DEVICE 3.0.0
2021-11-02 11:07:08,584 [INFO] ThirdParty:967 - CMSIS Pack Vendor :STMicroelectronics X-CUBE-TOF1 2.0.0
2021-11-02 11:07:08,584 [INFO] ThirdParty:967 - CMSIS Pack Vendor :STMicroelectronics HAL Drivers 0.0.0
2021-11-02 11:07:08,584 [INFO] ThirdParty:967 - CMSIS Pack Vendor :STMicroelectronics MBEDTLS 2.16.2
2021-11-02 11:07:08,584 [INFO] ThirdParty:967 - CMSIS Pack Vendor :STMicroelectronics MBEDTLS 2.14.1
2021-11-02 11:07:08,584 [INFO] ThirdParty:967 - CMSIS Pack Vendor :STMicroelectronics X-CUBE-MEMS1 9.0.0
2021-11-02 11:07:08,584 [INFO] ThirdParty:967 - CMSIS Pack Vendor :STMicroelectronics X-CUBE-AZRTOS-H7 1.1.0
2021-11-02 11:07:08,584 [INFO] ThirdParty:967 - CMSIS Pack Vendor :STMicroelectronics X-CUBE-SUBG2 4.2.0
2021-11-02 11:07:08,584 [INFO] ThirdParty:967 - CMSIS Pack Vendor :STMicroelectronics X-CUBE-ALS 1.0.1
2021-11-02 11:07:08,584 [INFO] ThirdParty:967 - CMSIS Pack Vendor :STMicroelectronics USB_DEVICE 2.0.0
2021-11-02 11:07:08,584 [INFO] ThirdParty:967 - CMSIS Pack Vendor :STMicroelectronics X-CUBE-AI 7.0.0
2021-11-02 11:07:08,584 [INFO] ThirdParty:967 - CMSIS Pack Vendor :STMicroelectronics X-CUBE-ALGOBUILD 1.2.1
2021-11-02 11:07:08,584 [INFO] ThirdParty:967 - CMSIS Pack Vendor :STMicroelectronics X-CUBE-DISPLAY 1.0.0
2021-11-02 11:07:08,585 [INFO] ThirdParty:967 - CMSIS Pack Vendor :STMicroelectronics FreeRTOS 0.0.1
2021-11-02 11:07:08,585 [INFO] ThirdParty:967 - CMSIS Pack Vendor :STMicroelectronics USB_DEVICE 1.0.0
2021-11-02 11:07:08,585 [INFO] ThirdParty:967 - CMSIS Pack Vendor :SEGGER I-CUBE-embOS 1.2.0
2021-11-02 11:07:08,585 [INFO] ThirdParty:967 - CMSIS Pack Vendor :STMicroelectronics X-CUBE-EEPRMA1 3.1.0
2021-11-02 11:07:08,585 [INFO] ThirdParty:967 - CMSIS Pack Vendor :STMicroelectronics X-CUBE-GNSS1 5.2.0
2021-11-02 11:07:08,585 [INFO] ThirdParty:967 - CMSIS Pack Vendor :STMicroelectronics ThreadX 0.0.2
2021-11-02 11:07:08,585 [INFO] ThirdParty:967 - CMSIS Pack Vendor :STMicroelectronics lwIP 2.0.3
2021-11-02 11:07:08,585 [INFO] ThirdParty:967 - CMSIS Pack Vendor :STMicroelectronics lwIP 2.1.2
2021-11-02 11:07:08,585 [INFO] ThirdParty:967 - CMSIS Pack Vendor :STMicroelectronics X-CUBE-BLE1 6.2.1
2021-11-02 11:07:08,585 [INFO] ThirdParty:967 - CMSIS Pack Vendor :STMicroelectronics X-CUBE-BLE2 3.2.1
2021-11-02 11:07:08,585 [INFO] ThirdParty:967 - CMSIS Pack Vendor :STMicroelectronics X-CUBE-BLE2 3.2.2
2021-11-02 11:07:08,585 [INFO] ThirdParty:967 - CMSIS Pack Vendor :STMicroelectronics USB_HOST 1.0.0
2021-11-02 11:07:08,586 [INFO] ThirdParty:967 - CMSIS Pack Vendor :STMicroelectronics X-CUBE-NFC4 2.0.3
2021-11-02 11:07:08,586 [INFO] ThirdParty:967 - CMSIS Pack Vendor :wolfSSL I-CUBE-wolfSSL 4.8.0
2021-11-02 11:07:08,586 [INFO] ThirdParty:967 - CMSIS Pack Vendor :STMicroelectronics X-CUBE-TOUCHGFX 4.17.0
2021-11-02 11:07:08,586 [INFO] ThirdParty:967 - CMSIS Pack Vendor :STMicroelectronics PDM2PCM 3.1.0
2021-11-02 11:07:08,586 [INFO] ThirdParty:967 - CMSIS Pack Vendor :STMicroelectronics PDM2PCM 3.2.0
2021-11-02 11:07:08,586 [INFO] ThirdParty:967 - CMSIS Pack Vendor :STMicroelectronics PDM2PCM 3.3.0
2021-11-02 11:07:08,586 [INFO] ThirdParty:787 - exiting critical section [change project]
2021-11-02 11:07:08,826 [INFO] PinOutPanel:1463 - setPackage(No Configuration,No Configuration)
2021-11-02 11:07:08,827 [INFO] PinOutPanel:1463 - setPackage(STM32F103C6Tx,LQFP48)
2021-11-02 11:07:09,178 [INFO] UtilMem:74 - Before build in PCC Used Memory: 465759744 Bytes (645922816)
2021-11-02 11:07:09,690 [INFO] UtilMem:74 - After build in PCC Used Memory: 325922952 Bytes (645922816)
2021-11-02 11:07:09,713 [INFO] IPUIPlugin:74 - create IPUIPlugin
2021-11-02 11:07:09,713 [INFO] IPUIPlugin:74 - create IPUIPlugin
2021-11-02 11:07:09,714 [INFO] IPUIPlugin:74 - create IPUIPlugin
2021-11-02 11:07:09,714 [INFO] IPUIPlugin:74 - create IPUIPlugin
2021-11-02 11:07:09,714 [INFO] IPUIPlugin:74 - create IPUIPlugin
2021-11-02 11:07:09,714 [INFO] IPUIPlugin:74 - create IPUIPlugin
2021-11-02 11:07:09,714 [INFO] IPUIPlugin:74 - create IPUIPlugin
2021-11-02 11:07:09,714 [INFO] IPUIPlugin:74 - create IPUIPlugin
2021-11-02 11:07:09,714 [INFO] IPUIPlugin:74 - create IPUIPlugin
2021-11-02 11:07:09,715 [INFO] IPUIPlugin:74 - create IPUIPlugin
2021-11-02 11:07:09,715 [INFO] IPUIPlugin:74 - create IPUIPlugin
2021-11-02 11:07:09,715 [INFO] IPUIPlugin:74 - create IPUIPlugin
2021-11-02 11:07:09,715 [INFO] IPUIPlugin:74 - create IPUIPlugin
2021-11-02 11:07:09,716 [INFO] IPUIPlugin:74 - create IPUIPlugin
2021-11-02 11:07:09,716 [INFO] IPUIPlugin:74 - create IPUIPlugin
2021-11-02 11:07:09,716 [INFO] IPUIPlugin:74 - create IPUIPlugin
2021-11-02 11:07:09,716 [INFO] IPUIPlugin:74 - create IPUIPlugin
2021-11-02 11:07:09,717 [INFO] IPUIPlugin:74 - create IPUIPlugin
2021-11-02 11:07:09,717 [INFO] IPUIPlugin:74 - create IPUIPlugin
2021-11-02 11:07:09,718 [INFO] IPUIPlugin:74 - create IPUIPlugin
2021-11-02 11:07:09,718 [INFO] IPUIPlugin:74 - create IPUIPlugin
2021-11-02 11:07:09,719 [INFO] IPUIPlugin:74 - create IPUIPlugin
2021-11-02 11:07:09,719 [INFO] IPUIPlugin:74 - create IPUIPlugin
2021-11-02 11:07:09,831 [INFO] OpenFileManager:333 - Restore cursor
2021-11-02 11:07:10,100 [INFO] UtilMem:74 - End SaveConfig() Used Memory: 413111856 Bytes (645922816)
2021-11-02 11:07:10,167 [INFO] UtilMem:74 - End SaveConfig() Used Memory: 443434672 Bytes (645922816)
2021-11-02 11:07:10,453 [INFO] BlockDiagram:2740 - set Specific Code input for plugin: NVIC
2021-11-02 11:07:10,454 [INFO] BlockDiagram:2740 - set Specific Code input for plugin: SYS
2021-11-02 11:07:10,454 [INFO] BlockDiagram:2740 - set Specific Code input for plugin: RCC
2021-11-02 11:07:10,454 [INFO] CodeGenerator:663 - code generatio: config db path: D:\ST\STM32CubeIDE_1.7.0\STM32CubeIDE\plugins\com.st.stm32cube.common.mx_6.3.0.202107141111\\db\
2021-11-02 11:07:10,801 [INFO] CodeEngine:239 - oldGeneratedFile, E:\Microprocessor_and_Microcontroller\Microcontroller_Microprocessor\Lab\FSM_Demo\DFA_Demo\MXTmpFiles\license.tmp_save
2021-11-02 11:07:11,127 [INFO] CodeEngine:257 - Generated code: E:\Microprocessor_and_Microcontroller\Microcontroller_Microprocessor\Lab\FSM_Demo\DFA_Demo\MXTmpFiles\license.tmp
2021-11-02 11:07:11,199 [INFO] CodeEngine:239 - oldGeneratedFile, E:\Microprocessor_and_Microcontroller\Microcontroller_Microprocessor\Lab\FSM_Demo\DFA_Demo\Core\Src\stm32f1xx_it.c_save
2021-11-02 11:07:11,314 [INFO] CodeEngine:257 - Generated code: E:\Microprocessor_and_Microcontroller\Microcontroller_Microprocessor\Lab\FSM_Demo\DFA_Demo\Core\Src\stm32f1xx_it.c
2021-11-02 11:07:11,316 [INFO] CodeEngine:239 - oldGeneratedFile, E:\Microprocessor_and_Microcontroller\Microcontroller_Microprocessor\Lab\FSM_Demo\DFA_Demo\Core\Inc\stm32f1xx_it.h_save
2021-11-02 11:07:11,381 [INFO] CodeEngine:257 - Generated code: E:\Microprocessor_and_Microcontroller\Microcontroller_Microprocessor\Lab\FSM_Demo\DFA_Demo\Core\Inc\stm32f1xx_it.h
2021-11-02 11:07:11,388 [INFO] CodeEngine:239 - oldGeneratedFile, E:\Microprocessor_and_Microcontroller\Microcontroller_Microprocessor\Lab\FSM_Demo\DFA_Demo\Core\Src\stm32f1xx_hal_msp.c_save
2021-11-02 11:07:11,541 [INFO] CodeEngine:257 - Generated code: E:\Microprocessor_and_Microcontroller\Microcontroller_Microprocessor\Lab\FSM_Demo\DFA_Demo\Core\Src\stm32f1xx_hal_msp.c
2021-11-02 11:07:11,542 [INFO] CodeEngine:239 - oldGeneratedFile, E:\Microprocessor_and_Microcontroller\Microcontroller_Microprocessor\Lab\FSM_Demo\DFA_Demo\MXTmpFiles\system.tmp_save
2021-11-02 11:07:11,613 [INFO] CodeEngine:257 - Generated code: E:\Microprocessor_and_Microcontroller\Microcontroller_Microprocessor\Lab\FSM_Demo\DFA_Demo\MXTmpFiles\system.tmp
2021-11-02 11:07:11,619 [INFO] CodeEngine:239 - oldGeneratedFile, E:\Microprocessor_and_Microcontroller\Microcontroller_Microprocessor\Lab\FSM_Demo\DFA_Demo\Core\Inc\stm32f1xx_hal_conf.h_save
2021-11-02 11:07:11,693 [INFO] CodeEngine:257 - Generated code: E:\Microprocessor_and_Microcontroller\Microcontroller_Microprocessor\Lab\FSM_Demo\DFA_Demo\Core\Inc\stm32f1xx_hal_conf.h
2021-11-02 11:07:11,725 [INFO] CodeEngine:239 - oldGeneratedFile, E:\Microprocessor_and_Microcontroller\Microcontroller_Microprocessor\Lab\FSM_Demo\DFA_Demo\Core\Inc\main.h_save
2021-11-02 11:07:11,798 [INFO] CodeEngine:257 - Generated code: E:\Microprocessor_and_Microcontroller\Microcontroller_Microprocessor\Lab\FSM_Demo\DFA_Demo\Core\Inc\main.h
2021-11-02 11:07:11,800 [INFO] CodeEngine:239 - oldGeneratedFile, E:\Microprocessor_and_Microcontroller\Microcontroller_Microprocessor\Lab\FSM_Demo\DFA_Demo\Core\Src\main.c_save
2021-11-02 11:07:11,907 [INFO] CodeEngine:257 - Generated code: E:\Microprocessor_and_Microcontroller\Microcontroller_Microprocessor\Lab\FSM_Demo\DFA_Demo\Core\Src\main.c
2021-11-02 11:07:13,036 [INFO] ProjectBuilder:2578 - Time for Copy HAL[1] : 227mS.
2021-11-02 11:07:13,042 [INFO] ProjectBuilder:3622 - Project Generator version: 3.14.1
2021-11-02 11:07:13,624 [INFO] ConfigFileManager:1271 - The Die is : DIE412
2021-11-02 11:07:13,639 [INFO] ApiDbMcu:468 - Load IP Config File for FATFS
2021-11-02 11:07:13,691 [INFO] ApiDbMcu:468 - Load IP Config File for FREERTOS
2021-11-02 11:07:13,723 [INFO] ApiDbMcu:468 - Load IP Config File for USB_DEVICE
2021-11-02 11:07:21,225 [INFO] ProjectBuilder:3789 - Time for Generating toolchain IDE Files: 8183mS.
2021-11-02 11:07:21,226 [INFO] ProjectBuilder:2457 - Time for Copy CMSIS : 0mS.
2021-11-02 11:07:21,228 [INFO] ProjectBuilder:2457 - Time for Copy CMSIS : 0mS.
2021-11-02 11:07:22,228 [INFO] McuFinderGlobals:52 - Set McuFinderConnectedMode to true
2021-11-02 11:07:22,230 [INFO] ApiDb:276 - Save user favorites file C:\Users\TRAN DAT/.stm32cubeide/favorites.mcus.txt: 0 item(s)
2021-11-02 11:07:22,230 [INFO] ApiDb:280 - User favorites MCUs=[]
2021-11-02 11:07:44,478 [INFO] NvicIntPanel:96 - NVIC parent = com.st.microxplorer.plugins.ip.nvic.MultiNvicIntPanel[,0,0,450x190,layout=javax.swing.BoxLayout,alignmentX=0.0,alignmentY=0.0,border=,flags=9,maximumSize=,minimumSize=,preferredSize=]
2021-11-02 11:12:41,908 [INFO] UtilMem:74 - End SaveConfig() Used Memory: 675000440 Bytes (874512384)
2021-11-02 11:12:42,729 [INFO] UtilMem:74 - End SaveConfig() Used Memory: 694921336 Bytes (874512384)
2021-11-02 11:12:44,735 [INFO] UtilMem:74 - End SaveConfig() Used Memory: 649906320 Bytes (874512384)
2021-11-02 11:12:44,997 [INFO] BlockDiagram:2740 - set Specific Code input for plugin: NVIC
2021-11-02 11:12:44,997 [INFO] BlockDiagram:2740 - set Specific Code input for plugin: SYS
2021-11-02 11:12:44,997 [INFO] BlockDiagram:2740 - set Specific Code input for plugin: RCC
2021-11-02 11:12:44,998 [INFO] BlockDiagram:2740 - set Specific Code input for plugin: TIM1_8F1
2021-11-02 11:12:44,998 [INFO] CodeGenerator:663 - code generatio: config db path: D:\ST\STM32CubeIDE_1.7.0\STM32CubeIDE\plugins\com.st.stm32cube.common.mx_6.3.0.202107141111\\db\
2021-11-02 11:12:45,215 [INFO] CodeEngine:239 - oldGeneratedFile, E:\Microprocessor_and_Microcontroller\Microcontroller_Microprocessor\Lab\FSM_Demo\DFA_Demo\MXTmpFiles\license.tmp_save
2021-11-02 11:12:45,267 [INFO] CodeEngine:257 - Generated code: E:\Microprocessor_and_Microcontroller\Microcontroller_Microprocessor\Lab\FSM_Demo\DFA_Demo\MXTmpFiles\license.tmp
2021-11-02 11:12:45,379 [INFO] CodeEngine:239 - oldGeneratedFile, E:\Microprocessor_and_Microcontroller\Microcontroller_Microprocessor\Lab\FSM_Demo\DFA_Demo\Core\Src\stm32f1xx_it.c_save
2021-11-02 11:12:45,516 [INFO] CodeEngine:257 - Generated code: E:\Microprocessor_and_Microcontroller\Microcontroller_Microprocessor\Lab\FSM_Demo\DFA_Demo\Core\Src\stm32f1xx_it.c
2021-11-02 11:12:45,520 [INFO] CodeEngine:239 - oldGeneratedFile, E:\Microprocessor_and_Microcontroller\Microcontroller_Microprocessor\Lab\FSM_Demo\DFA_Demo\Core\Inc\stm32f1xx_it.h_save
2021-11-02 11:12:45,589 [INFO] CodeEngine:257 - Generated code: E:\Microprocessor_and_Microcontroller\Microcontroller_Microprocessor\Lab\FSM_Demo\DFA_Demo\Core\Inc\stm32f1xx_it.h
2021-11-02 11:12:45,602 [INFO] CodeEngine:239 - oldGeneratedFile, E:\Microprocessor_and_Microcontroller\Microcontroller_Microprocessor\Lab\FSM_Demo\DFA_Demo\Core\Src\stm32f1xx_hal_msp.c_save
2021-11-02 11:12:45,700 [INFO] CodeEngine:257 - Generated code: E:\Microprocessor_and_Microcontroller\Microcontroller_Microprocessor\Lab\FSM_Demo\DFA_Demo\Core\Src\stm32f1xx_hal_msp.c
2021-11-02 11:12:45,702 [INFO] CodeEngine:239 - oldGeneratedFile, E:\Microprocessor_and_Microcontroller\Microcontroller_Microprocessor\Lab\FSM_Demo\DFA_Demo\MXTmpFiles\system.tmp_save
2021-11-02 11:12:45,748 [INFO] CodeEngine:257 - Generated code: E:\Microprocessor_and_Microcontroller\Microcontroller_Microprocessor\Lab\FSM_Demo\DFA_Demo\MXTmpFiles\system.tmp
2021-11-02 11:12:45,760 [INFO] CodeEngine:239 - oldGeneratedFile, E:\Microprocessor_and_Microcontroller\Microcontroller_Microprocessor\Lab\FSM_Demo\DFA_Demo\Core\Inc\stm32f1xx_hal_conf.h_save
2021-11-02 11:12:45,837 [INFO] CodeEngine:257 - Generated code: E:\Microprocessor_and_Microcontroller\Microcontroller_Microprocessor\Lab\FSM_Demo\DFA_Demo\Core\Inc\stm32f1xx_hal_conf.h
2021-11-02 11:12:45,859 [WARN] IPConfigManager:3148 - IP not found : TIM
2021-11-02 11:12:45,860 [WARN] CodeGenerator:3268 - IP not found : null
2021-11-02 11:12:45,870 [INFO] CodeEngine:239 - oldGeneratedFile, E:\Microprocessor_and_Microcontroller\Microcontroller_Microprocessor\Lab\FSM_Demo\DFA_Demo\Core\Inc\main.h_save
2021-11-02 11:12:45,927 [INFO] CodeEngine:257 - Generated code: E:\Microprocessor_and_Microcontroller\Microcontroller_Microprocessor\Lab\FSM_Demo\DFA_Demo\Core\Inc\main.h
2021-11-02 11:12:45,936 [INFO] CodeEngine:239 - oldGeneratedFile, E:\Microprocessor_and_Microcontroller\Microcontroller_Microprocessor\Lab\FSM_Demo\DFA_Demo\Core\Src\main.c_save
2021-11-02 11:12:46,115 [INFO] CodeEngine:257 - Generated code: E:\Microprocessor_and_Microcontroller\Microcontroller_Microprocessor\Lab\FSM_Demo\DFA_Demo\Core\Src\main.c
2021-11-02 11:12:47,039 [INFO] ProjectBuilder:2578 - Time for Copy HAL[1] : 126mS.
2021-11-02 11:12:47,042 [INFO] ProjectBuilder:3622 - Project Generator version: 3.14.1
2021-11-02 11:12:47,375 [INFO] ConfigFileManager:1271 - The Die is : DIE412
2021-11-02 11:12:48,919 [INFO] ProjectBuilder:3789 - Time for Generating toolchain IDE Files: 1877mS.
2021-11-02 11:12:48,920 [INFO] ProjectBuilder:2457 - Time for Copy CMSIS : 0mS.
2021-11-02 11:12:48,921 [INFO] ProjectBuilder:2457 - Time for Copy CMSIS : 0mS.
2021-11-02 12:17:25,882 [INFO] NvicIntPanel:96 - NVIC parent = com.st.microxplorer.plugins.ip.nvic.MultiNvicIntPanel[,0,0,0x0,invalid,layout=javax.swing.BoxLayout,alignmentX=0.0,alignmentY=0.0,border=,flags=9,maximumSize=,minimumSize=,preferredSize=]
2021-11-02 12:17:30,231 [INFO] NvicIntPanel:96 - NVIC parent = com.st.microxplorer.plugins.ip.nvic.MultiNvicIntPanel[,0,0,0x0,invalid,layout=javax.swing.BoxLayout,alignmentX=0.0,alignmentY=0.0,border=,flags=9,maximumSize=,minimumSize=,preferredSize=]
2021-11-02 12:17:33,307 [INFO] NvicIntPanel:96 - NVIC parent = com.st.microxplorer.plugins.ip.nvic.MultiNvicIntPanel[,0,0,0x0,invalid,layout=javax.swing.BoxLayout,alignmentX=0.0,alignmentY=0.0,border=,flags=9,maximumSize=,minimumSize=,preferredSize=]
2021-11-02 12:17:36,072 [INFO] NvicIntPanel:96 - NVIC parent = com.st.microxplorer.plugins.ip.nvic.MultiNvicIntPanel[,0,0,0x0,invalid,layout=javax.swing.BoxLayout,alignmentX=0.0,alignmentY=0.0,border=,flags=9,maximumSize=,minimumSize=,preferredSize=]
2021-11-02 12:17:38,964 [INFO] UtilMem:74 - End SaveConfig() Used Memory: 538540744 Bytes (874512384)
2021-11-02 12:17:40,061 [INFO] UtilMem:74 - End SaveConfig() Used Memory: 558463688 Bytes (874512384)
2021-11-02 12:17:41,451 [INFO] UtilMem:74 - End SaveConfig() Used Memory: 609843912 Bytes (874512384)
2021-11-02 12:17:41,743 [INFO] BlockDiagram:2740 - set Specific Code input for plugin: NVIC
2021-11-02 12:17:41,743 [INFO] BlockDiagram:2740 - set Specific Code input for plugin: SYS
2021-11-02 12:17:41,744 [INFO] BlockDiagram:2740 - set Specific Code input for plugin: GPIO
2021-11-02 12:17:41,744 [INFO] BlockDiagram:2740 - set Specific Code input for plugin: RCC
2021-11-02 12:17:41,744 [INFO] BlockDiagram:2740 - set Specific Code input for plugin: TIM1_8F1
2021-11-02 12:17:41,744 [INFO] CodeGenerator:663 - code generatio: config db path: D:\ST\STM32CubeIDE_1.7.0\STM32CubeIDE\plugins\com.st.stm32cube.common.mx_6.3.0.202107141111\\db\
2021-11-02 12:17:42,067 [INFO] CodeEngine:239 - oldGeneratedFile, E:\Microprocessor_and_Microcontroller\Microcontroller_Microprocessor\Lab\FSM_Demo\DFA_Demo\MXTmpFiles\license.tmp_save
2021-11-02 12:17:42,197 [INFO] CodeEngine:257 - Generated code: E:\Microprocessor_and_Microcontroller\Microcontroller_Microprocessor\Lab\FSM_Demo\DFA_Demo\MXTmpFiles\license.tmp
2021-11-02 12:17:42,307 [INFO] CodeEngine:239 - oldGeneratedFile, E:\Microprocessor_and_Microcontroller\Microcontroller_Microprocessor\Lab\FSM_Demo\DFA_Demo\MXTmpFiles\gpio.tmp_save
2021-11-02 12:17:42,380 [INFO] CodeEngine:257 - Generated code: E:\Microprocessor_and_Microcontroller\Microcontroller_Microprocessor\Lab\FSM_Demo\DFA_Demo\MXTmpFiles\gpio.tmp
2021-11-02 12:17:42,580 [INFO] CodeEngine:239 - oldGeneratedFile, E:\Microprocessor_and_Microcontroller\Microcontroller_Microprocessor\Lab\FSM_Demo\DFA_Demo\Core\Src\stm32f1xx_it.c_save
2021-11-02 12:17:42,667 [INFO] CodeEngine:257 - Generated code: E:\Microprocessor_and_Microcontroller\Microcontroller_Microprocessor\Lab\FSM_Demo\DFA_Demo\Core\Src\stm32f1xx_it.c
2021-11-02 12:17:42,688 [INFO] CodeEngine:239 - oldGeneratedFile, E:\Microprocessor_and_Microcontroller\Microcontroller_Microprocessor\Lab\FSM_Demo\DFA_Demo\Core\Inc\stm32f1xx_it.h_save
2021-11-02 12:17:42,763 [INFO] CodeEngine:257 - Generated code: E:\Microprocessor_and_Microcontroller\Microcontroller_Microprocessor\Lab\FSM_Demo\DFA_Demo\Core\Inc\stm32f1xx_it.h
2021-11-02 12:17:42,783 [INFO] CodeEngine:239 - oldGeneratedFile, E:\Microprocessor_and_Microcontroller\Microcontroller_Microprocessor\Lab\FSM_Demo\DFA_Demo\Core\Src\stm32f1xx_hal_msp.c_save
2021-11-02 12:17:42,877 [INFO] CodeEngine:257 - Generated code: E:\Microprocessor_and_Microcontroller\Microcontroller_Microprocessor\Lab\FSM_Demo\DFA_Demo\Core\Src\stm32f1xx_hal_msp.c
2021-11-02 12:17:42,891 [INFO] CodeEngine:239 - oldGeneratedFile, E:\Microprocessor_and_Microcontroller\Microcontroller_Microprocessor\Lab\FSM_Demo\DFA_Demo\MXTmpFiles\system.tmp_save
2021-11-02 12:17:42,938 [INFO] CodeEngine:257 - Generated code: E:\Microprocessor_and_Microcontroller\Microcontroller_Microprocessor\Lab\FSM_Demo\DFA_Demo\MXTmpFiles\system.tmp
2021-11-02 12:17:42,960 [INFO] CodeEngine:239 - oldGeneratedFile, E:\Microprocessor_and_Microcontroller\Microcontroller_Microprocessor\Lab\FSM_Demo\DFA_Demo\Core\Inc\stm32f1xx_hal_conf.h_save
2021-11-02 12:17:43,058 [INFO] CodeEngine:257 - Generated code: E:\Microprocessor_and_Microcontroller\Microcontroller_Microprocessor\Lab\FSM_Demo\DFA_Demo\Core\Inc\stm32f1xx_hal_conf.h
2021-11-02 12:17:43,085 [WARN] IPConfigManager:3148 - IP not found : TIM
2021-11-02 12:17:43,085 [WARN] CodeGenerator:3268 - IP not found : null
2021-11-02 12:17:43,097 [INFO] CodeEngine:239 - oldGeneratedFile, E:\Microprocessor_and_Microcontroller\Microcontroller_Microprocessor\Lab\FSM_Demo\DFA_Demo\Core\Inc\main.h_save
2021-11-02 12:17:43,159 [INFO] CodeEngine:257 - Generated code: E:\Microprocessor_and_Microcontroller\Microcontroller_Microprocessor\Lab\FSM_Demo\DFA_Demo\Core\Inc\main.h
2021-11-02 12:17:43,192 [INFO] CodeEngine:239 - oldGeneratedFile, E:\Microprocessor_and_Microcontroller\Microcontroller_Microprocessor\Lab\FSM_Demo\DFA_Demo\Core\Src\main.c_save
2021-11-02 12:17:43,353 [INFO] CodeEngine:257 - Generated code: E:\Microprocessor_and_Microcontroller\Microcontroller_Microprocessor\Lab\FSM_Demo\DFA_Demo\Core\Src\main.c
2021-11-02 12:17:44,241 [INFO] ProjectBuilder:2578 - Time for Copy HAL[1] : 214mS.
2021-11-02 12:17:44,244 [INFO] ProjectBuilder:3622 - Project Generator version: 3.14.1
2021-11-02 12:17:44,691 [INFO] ConfigFileManager:1271 - The Die is : DIE412
2021-11-02 12:17:46,220 [INFO] ProjectBuilder:3789 - Time for Generating toolchain IDE Files: 1976mS.
2021-11-02 12:17:46,221 [INFO] ProjectBuilder:2457 - Time for Copy CMSIS : 0mS.
2021-11-02 12:17:46,222 [INFO] ProjectBuilder:2457 - Time for Copy CMSIS : 0mS.
2021-11-02 12:21:59,469 [INFO] NvicIntPanel:96 - NVIC parent = com.st.microxplorer.plugins.ip.nvic.MultiNvicIntPanel[,0,0,0x0,invalid,layout=javax.swing.BoxLayout,alignmentX=0.0,alignmentY=0.0,border=,flags=9,maximumSize=,minimumSize=,preferredSize=]
2021-11-02 12:22:04,107 [INFO] NvicIntPanel:96 - NVIC parent = com.st.microxplorer.plugins.ip.nvic.MultiNvicIntPanel[,0,0,0x0,invalid,layout=javax.swing.BoxLayout,alignmentX=0.0,alignmentY=0.0,border=,flags=9,maximumSize=,minimumSize=,preferredSize=]
2021-11-02 12:22:06,864 [INFO] NvicIntPanel:96 - NVIC parent = com.st.microxplorer.plugins.ip.nvic.MultiNvicIntPanel[,0,0,0x0,invalid,layout=javax.swing.BoxLayout,alignmentX=0.0,alignmentY=0.0,border=,flags=9,maximumSize=,minimumSize=,preferredSize=]
2021-11-02 12:22:08,805 [INFO] UtilMem:74 - End SaveConfig() Used Memory: 505152968 Bytes (874512384)
2021-11-02 12:22:09,773 [INFO] UtilMem:74 - End SaveConfig() Used Memory: 524553672 Bytes (874512384)
2021-11-02 12:22:11,087 [INFO] UtilMem:74 - End SaveConfig() Used Memory: 617876936 Bytes (874512384)
2021-11-02 12:22:11,370 [INFO] BlockDiagram:2740 - set Specific Code input for plugin: NVIC
2021-11-02 12:22:11,370 [INFO] BlockDiagram:2740 - set Specific Code input for plugin: SYS
2021-11-02 12:22:11,370 [INFO] BlockDiagram:2740 - set Specific Code input for plugin: GPIO
2021-11-02 12:22:11,370 [INFO] BlockDiagram:2740 - set Specific Code input for plugin: RCC
2021-11-02 12:22:11,370 [INFO] BlockDiagram:2740 - set Specific Code input for plugin: TIM1_8F1
2021-11-02 12:22:11,371 [INFO] CodeGenerator:663 - code generatio: config db path: D:\ST\STM32CubeIDE_1.7.0\STM32CubeIDE\plugins\com.st.stm32cube.common.mx_6.3.0.202107141111\\db\
2021-11-02 12:22:11,516 [ERROR] FilesUtils:113 - java.io.FileNotFoundException: C:\Users\TRAN DAT\.stmcube\.STM32CUBEMX_PLUGIN6.3.0Repository.ser (Access is denied)
2021-11-02 12:22:11,628 [INFO] CodeEngine:239 - oldGeneratedFile, E:\Microprocessor_and_Microcontroller\Microcontroller_Microprocessor\Lab\FSM_Demo\DFA_Demo\MXTmpFiles\license.tmp_save
2021-11-02 12:22:11,682 [INFO] CodeEngine:257 - Generated code: E:\Microprocessor_and_Microcontroller\Microcontroller_Microprocessor\Lab\FSM_Demo\DFA_Demo\MXTmpFiles\license.tmp
2021-11-02 12:22:11,701 [INFO] CodeEngine:239 - oldGeneratedFile, E:\Microprocessor_and_Microcontroller\Microcontroller_Microprocessor\Lab\FSM_Demo\DFA_Demo\MXTmpFiles\gpio.tmp_save
2021-11-02 12:22:11,756 [INFO] CodeEngine:257 - Generated code: E:\Microprocessor_and_Microcontroller\Microcontroller_Microprocessor\Lab\FSM_Demo\DFA_Demo\MXTmpFiles\gpio.tmp
2021-11-02 12:22:11,866 [INFO] CodeEngine:239 - oldGeneratedFile, E:\Microprocessor_and_Microcontroller\Microcontroller_Microprocessor\Lab\FSM_Demo\DFA_Demo\Core\Src\stm32f1xx_it.c_save
2021-11-02 12:22:11,939 [INFO] CodeEngine:257 - Generated code: E:\Microprocessor_and_Microcontroller\Microcontroller_Microprocessor\Lab\FSM_Demo\DFA_Demo\Core\Src\stm32f1xx_it.c
2021-11-02 12:22:11,948 [INFO] CodeEngine:239 - oldGeneratedFile, E:\Microprocessor_and_Microcontroller\Microcontroller_Microprocessor\Lab\FSM_Demo\DFA_Demo\Core\Inc\stm32f1xx_it.h_save
2021-11-02 12:22:11,998 [INFO] CodeEngine:257 - Generated code: E:\Microprocessor_and_Microcontroller\Microcontroller_Microprocessor\Lab\FSM_Demo\DFA_Demo\Core\Inc\stm32f1xx_it.h
2021-11-02 12:22:12,011 [INFO] CodeEngine:239 - oldGeneratedFile, E:\Microprocessor_and_Microcontroller\Microcontroller_Microprocessor\Lab\FSM_Demo\DFA_Demo\Core\Src\stm32f1xx_hal_msp.c_save
2021-11-02 12:22:12,091 [INFO] CodeEngine:257 - Generated code: E:\Microprocessor_and_Microcontroller\Microcontroller_Microprocessor\Lab\FSM_Demo\DFA_Demo\Core\Src\stm32f1xx_hal_msp.c
2021-11-02 12:22:12,093 [INFO] CodeEngine:239 - oldGeneratedFile, E:\Microprocessor_and_Microcontroller\Microcontroller_Microprocessor\Lab\FSM_Demo\DFA_Demo\MXTmpFiles\system.tmp_save
2021-11-02 12:22:12,167 [INFO] CodeEngine:257 - Generated code: E:\Microprocessor_and_Microcontroller\Microcontroller_Microprocessor\Lab\FSM_Demo\DFA_Demo\MXTmpFiles\system.tmp
2021-11-02 12:22:12,187 [INFO] CodeEngine:239 - oldGeneratedFile, E:\Microprocessor_and_Microcontroller\Microcontroller_Microprocessor\Lab\FSM_Demo\DFA_Demo\Core\Inc\stm32f1xx_hal_conf.h_save
2021-11-02 12:22:12,263 [INFO] CodeEngine:257 - Generated code: E:\Microprocessor_and_Microcontroller\Microcontroller_Microprocessor\Lab\FSM_Demo\DFA_Demo\Core\Inc\stm32f1xx_hal_conf.h
2021-11-02 12:22:12,285 [WARN] IPConfigManager:3148 - IP not found : TIM
2021-11-02 12:22:12,285 [WARN] CodeGenerator:3268 - IP not found : null
2021-11-02 12:22:12,295 [INFO] CodeEngine:239 - oldGeneratedFile, E:\Microprocessor_and_Microcontroller\Microcontroller_Microprocessor\Lab\FSM_Demo\DFA_Demo\Core\Inc\main.h_save
2021-11-02 12:22:12,354 [INFO] CodeEngine:257 - Generated code: E:\Microprocessor_and_Microcontroller\Microcontroller_Microprocessor\Lab\FSM_Demo\DFA_Demo\Core\Inc\main.h
2021-11-02 12:22:12,363 [INFO] CodeEngine:239 - oldGeneratedFile, E:\Microprocessor_and_Microcontroller\Microcontroller_Microprocessor\Lab\FSM_Demo\DFA_Demo\Core\Src\main.c_save
2021-11-02 12:22:12,467 [INFO] CodeEngine:257 - Generated code: E:\Microprocessor_and_Microcontroller\Microcontroller_Microprocessor\Lab\FSM_Demo\DFA_Demo\Core\Src\main.c
2021-11-02 12:22:13,234 [INFO] ProjectBuilder:2578 - Time for Copy HAL[1] : 120mS.
2021-11-02 12:22:13,236 [INFO] ProjectBuilder:3622 - Project Generator version: 3.14.1
2021-11-02 12:22:13,606 [INFO] ConfigFileManager:1271 - The Die is : DIE412
2021-11-02 12:22:15,250 [INFO] ProjectBuilder:3789 - Time for Generating toolchain IDE Files: 2014mS.
2021-11-02 12:22:15,251 [INFO] ProjectBuilder:2457 - Time for Copy CMSIS : 0mS.
2021-11-02 12:22:15,252 [INFO] ProjectBuilder:2457 - Time for Copy CMSIS : 0mS.
2021-11-02 13:56:13,640 [INFO] MainUpdater:2671 - connection check result : 10
2021-11-02 13:56:13,644 [INFO] MainUpdater:2671 - connection check result : 10
2021-11-02 13:56:13,894 [INFO] MicroXplorer:448 - Change Database Path : 
2021-11-02 13:56:13,899 [INFO] MicroXplorer:478 - Change Database Version : DB.6.0.30
2021-11-02 13:56:13,902 [WARN] ThirdParty:813 - waiting for thirdparty lock release [close project]
2021-11-02 13:56:13,903 [INFO] ThirdParty:815 - entering critical section [close project]
2021-11-02 13:56:13,904 [INFO] ThirdParty:825 - exiting critical section [close project]
2021-11-02 13:56:13,909 [INFO] PinOutPanel:1463 - setPackage(No Configuration,No Configuration)
2021-11-02 13:56:14,085 [INFO] UtilMem:74 - Begin LoadConfig() Used Memory: 641455400 Bytes (947912704)
2021-11-02 13:56:14,086 [INFO] MicroXplorer:448 - Change Database Path : 
2021-11-02 13:56:14,086 [INFO] MicroXplorer:478 - Change Database Version : DB.6.0.30
2021-11-02 13:56:14,086 [INFO] OpenFileManager:313 - Change cursor
2021-11-02 13:56:14,226 [INFO] RulesReader:57 - Compatibility file has been processed (242 Rules)
2021-11-02 13:56:16,936 [INFO] Context:592 - Trying to add GPIOservice into a context  which must be forbidden
2021-11-02 13:56:17,175 [WARN] ApiManager:304 - Cannot register API 'Board Extension:S2868A1' from pack STMicroelectronics.X-CUBE-SFXS2LP1.3.1.0: no header file found
2021-11-02 13:56:17,189 [WARN] ApiManager:304 - Cannot register API 'Board Extension:S2868A2' from pack STMicroelectronics.X-CUBE-SFXS2LP1.3.1.0: no header file found
2021-11-02 13:56:17,189 [WARN] ApiManager:304 - Cannot register API 'Board Extension:S2915A1' from pack STMicroelectronics.X-CUBE-SFXS2LP1.3.1.0: no header file found
2021-11-02 13:56:17,203 [WARN] ModelIntegratedComponent:60 - No mode defined for component null
2021-11-02 13:56:17,203 [WARN] ModelIntegratedComponent:60 - No mode defined for component null
2021-11-02 13:56:17,203 [WARN] ModelIntegratedComponent:60 - No mode defined for component null
2021-11-02 13:56:17,203 [WARN] ModelIntegratedComponent:60 - No mode defined for component null
2021-11-02 13:56:17,203 [WARN] ModelIntegratedComponent:60 - No mode defined for component null
2021-11-02 13:56:17,203 [WARN] ModelIntegratedComponent:60 - No mode defined for component null
2021-11-02 13:56:17,203 [WARN] ModelIntegratedComponent:60 - No mode defined for component null
2021-11-02 13:56:17,203 [WARN] ModelIntegratedComponent:60 - No mode defined for component null
2021-11-02 13:56:17,203 [WARN] ModelIntegratedComponent:60 - No mode defined for component null
2021-11-02 13:56:17,203 [WARN] ModelIntegratedComponent:60 - No mode defined for component null
2021-11-02 13:56:17,204 [WARN] ModelIntegratedComponent:60 - No mode defined for component null
2021-11-02 13:56:17,204 [WARN] ModelIntegratedComponent:60 - No mode defined for component null
2021-11-02 13:56:17,204 [WARN] ModelIntegratedComponent:60 - No mode defined for component null
2021-11-02 13:56:17,204 [WARN] ModelIntegratedComponent:60 - No mode defined for component null
2021-11-02 13:56:17,204 [WARN] ModelIntegratedComponent:60 - No mode defined for component null
2021-11-02 13:56:17,204 [WARN] ModelIntegratedComponent:60 - No mode defined for component null
2021-11-02 13:56:17,204 [WARN] ModelIntegratedComponent:60 - No mode defined for component null
2021-11-02 13:56:17,204 [WARN] ModelIntegratedComponent:60 - No mode defined for component null
2021-11-02 13:56:17,204 [WARN] ModelIntegratedComponent:60 - No mode defined for component null
2021-11-02 13:56:17,204 [WARN] ModelIntegratedComponent:60 - No mode defined for component null
2021-11-02 13:56:17,204 [WARN] ModelIntegratedComponent:60 - No mode defined for component null
2021-11-02 13:56:17,206 [WARN] ModelIntegratedComponent:60 - No mode defined for component null
2021-11-02 13:56:17,206 [WARN] ModelIntegratedComponent:60 - No mode defined for component null
2021-11-02 13:56:17,206 [WARN] ModelIntegratedComponent:60 - No mode defined for component null
2021-11-02 13:56:17,206 [WARN] ModelIntegratedComponent:60 - No mode defined for component null
2021-11-02 13:56:17,206 [WARN] ModelIntegratedComponent:60 - No mode defined for component null
2021-11-02 13:56:17,206 [WARN] ModelIntegratedComponent:60 - No mode defined for component null
2021-11-02 13:56:17,206 [WARN] ModelIntegratedComponent:60 - No mode defined for component null
2021-11-02 13:56:17,206 [WARN] ModelIntegratedComponent:60 - No mode defined for component null
2021-11-02 13:56:17,206 [WARN] ModelIntegratedComponent:60 - No mode defined for component null
2021-11-02 13:56:17,206 [WARN] ModelIntegratedComponent:60 - No mode defined for component null
2021-11-02 13:56:17,375 [WARN] ApiManager:304 - Cannot register API 'Board Extension:IKS01A3' from pack STMicroelectronics.X-CUBE-MEMS1.9.0.0: no header file found
2021-11-02 13:56:17,375 [WARN] ApiManager:304 - Cannot register API 'Board Extension:IKS01A2' from pack STMicroelectronics.X-CUBE-MEMS1.9.0.0: no header file found
2021-11-02 13:56:17,375 [WARN] ApiManager:304 - Cannot register API 'Board Extension:IKS02A1' from pack STMicroelectronics.X-CUBE-MEMS1.9.0.0: no header file found
2021-11-02 13:56:17,386 [WARN] ApiManager:304 - Cannot register API 'Board Extension:S2868A1' from pack STMicroelectronics.X-CUBE-SUBG2.4.2.0: no header file found
2021-11-02 13:56:17,386 [WARN] ApiManager:304 - Cannot register API 'Board Extension:S2868A2' from pack STMicroelectronics.X-CUBE-SUBG2.4.2.0: no header file found
2021-11-02 13:56:17,386 [WARN] ApiManager:304 - Cannot register API 'Board Extension:S2915A1' from pack STMicroelectronics.X-CUBE-SUBG2.4.2.0: no header file found
2021-11-02 13:56:17,389 [INFO] RtosManager:484 - Registered RTOS mode: class=CMSIS, group=RTOS, mode=CMSIS_V1, owner=FREERTOS
2021-11-02 13:56:17,389 [INFO] RtosManager:484 - Registered RTOS mode: class=CMSIS, group=RTOS2, mode=CMSIS_V2, owner=FREERTOS
2021-11-02 13:56:17,389 [INFO] RtosManager:484 - Registered RTOS mode: class=RTOS, group=Core, mode=CMSIS_V1, owner=FREERTOS
2021-11-02 13:56:17,389 [INFO] RtosManager:484 - Registered RTOS mode: class=RTOS, group=Core, mode=CMSIS_V2, owner=FREERTOS
2021-11-02 13:56:17,390 [WARN] ModelIntegratedComponent:181 - Missing modes for component STMicroelectronics:FreeRTOS:0.0.1:STMicroelectronics:RTOS:FreeRTOS:Core:::10.2.0:
2021-11-02 13:56:17,397 [WARN] ApiManager:304 - Cannot register API 'Board Extension:EEPRMA1' from pack STMicroelectronics.X-CUBE-EEPRMA1.3.1.0: no header file found
2021-11-02 13:56:17,397 [WARN] ApiManager:304 - Cannot register API 'Board Extension:EEPRMA2' from pack STMicroelectronics.X-CUBE-EEPRMA1.3.1.0: no header file found
2021-11-02 13:56:17,397 [WARN] ApiManager:304 - Cannot register API 'Board Extension:GNSS1A1' from pack STMicroelectronics.X-CUBE-GNSS1.5.2.0: no header file found
2021-11-02 13:56:17,398 [WARN] ApiManager:304 - Cannot register API 'Board Support:Custom' from pack STMicroelectronics.X-CUBE-GNSS1.5.2.0: no header file found
2021-11-02 13:56:17,398 [WARN] ApiManager:304 - Cannot register API 'Data Exchange:lib_gnss' from pack STMicroelectronics.X-CUBE-GNSS1.5.2.0: no header file found
2021-11-02 13:56:17,398 [WARN] ApiManager:304 - Cannot register API 'Wireless:BlueNRG-MS' from pack STMicroelectronics.X-CUBE-BLE1.6.2.1: no header file found
2021-11-02 13:56:17,399 [WARN] ApiManager:304 - Cannot register API 'Wireless:BlueNRG-2' from pack STMicroelectronics.X-CUBE-BLE2.3.2.1: no header file found
2021-11-02 13:56:17,400 [WARN] ApiManager:304 - Cannot register API 'Wireless:BlueNRG-2' from pack STMicroelectronics.X-CUBE-BLE2.3.2.2: no header file found
2021-11-02 13:56:17,401 [WARN] ApiManager:304 - Cannot register API 'Board Extension:NFC04A1' from pack STMicroelectronics.X-CUBE-NFC4.2.0.3: no header file found
2021-11-02 13:56:18,409 [INFO] UtilMem:74 - End LoadConfig() Used Memory: 352957400 Bytes (947912704)
2021-11-02 13:56:18,411 [WARN] ThirdParty:779 - waiting for thirdparty lock release [change project]
2021-11-02 13:56:18,411 [INFO] ThirdParty:781 - entering critical section [change project]
2021-11-02 13:56:18,411 [INFO] ThirdParty:967 - CMSIS Pack Vendor :STMicroelectronics X-CUBE-SFXS2LP1 3.1.0
2021-11-02 13:56:18,411 [INFO] ThirdParty:967 - CMSIS Pack Vendor :RoweBots I-CUBE-UNISONRTOS 5.5.0-4
2021-11-02 13:56:18,411 [INFO] ThirdParty:967 - CMSIS Pack Vendor :STMicroelectronics X-CUBE-AZRTOS-F4 1.0.0
2021-11-02 13:56:18,411 [INFO] ThirdParty:967 - CMSIS Pack Vendor :STMicroelectronics USB_HOST 2.0.0
2021-11-02 13:56:18,411 [INFO] ThirdParty:967 - CMSIS Pack Vendor :STMicroelectronics X-CUBE-AZRTOS-H7 2.0.0
2021-11-02 13:56:18,411 [INFO] ThirdParty:967 - CMSIS Pack Vendor :STMicroelectronics X-CUBE-AZRTOS-L4 1.0.0
2021-11-02 13:56:18,411 [INFO] ThirdParty:967 - CMSIS Pack Vendor :STMicroelectronics USB_DEVICE 3.0.0
2021-11-02 13:56:18,411 [INFO] ThirdParty:967 - CMSIS Pack Vendor :STMicroelectronics X-CUBE-TOF1 2.0.0
2021-11-02 13:56:18,411 [INFO] ThirdParty:967 - CMSIS Pack Vendor :STMicroelectronics HAL Drivers 0.0.0
2021-11-02 13:56:18,411 [INFO] ThirdParty:967 - CMSIS Pack Vendor :STMicroelectronics MBEDTLS 2.16.2
2021-11-02 13:56:18,412 [INFO] ThirdParty:967 - CMSIS Pack Vendor :STMicroelectronics MBEDTLS 2.14.1
2021-11-02 13:56:18,412 [INFO] ThirdParty:967 - CMSIS Pack Vendor :STMicroelectronics X-CUBE-MEMS1 9.0.0
2021-11-02 13:56:18,412 [INFO] ThirdParty:967 - CMSIS Pack Vendor :STMicroelectronics X-CUBE-AZRTOS-H7 1.1.0
2021-11-02 13:56:18,412 [INFO] ThirdParty:967 - CMSIS Pack Vendor :STMicroelectronics X-CUBE-SUBG2 4.2.0
2021-11-02 13:56:18,412 [INFO] ThirdParty:967 - CMSIS Pack Vendor :STMicroelectronics X-CUBE-ALS 1.0.1
2021-11-02 13:56:18,412 [INFO] ThirdParty:967 - CMSIS Pack Vendor :STMicroelectronics USB_DEVICE 2.0.0
2021-11-02 13:56:18,412 [INFO] ThirdParty:967 - CMSIS Pack Vendor :STMicroelectronics X-CUBE-AI 7.0.0
2021-11-02 13:56:18,413 [INFO] ThirdParty:967 - CMSIS Pack Vendor :STMicroelectronics X-CUBE-ALGOBUILD 1.2.1
2021-11-02 13:56:18,413 [INFO] ThirdParty:967 - CMSIS Pack Vendor :STMicroelectronics X-CUBE-DISPLAY 1.0.0
2021-11-02 13:56:18,413 [INFO] ThirdParty:967 - CMSIS Pack Vendor :STMicroelectronics FreeRTOS 0.0.1
2021-11-02 13:56:18,413 [INFO] ThirdParty:967 - CMSIS Pack Vendor :STMicroelectronics USB_DEVICE 1.0.0
2021-11-02 13:56:18,413 [INFO] ThirdParty:967 - CMSIS Pack Vendor :SEGGER I-CUBE-embOS 1.2.0
2021-11-02 13:56:18,413 [INFO] ThirdParty:967 - CMSIS Pack Vendor :STMicroelectronics X-CUBE-EEPRMA1 3.1.0
2021-11-02 13:56:18,413 [INFO] ThirdParty:967 - CMSIS Pack Vendor :STMicroelectronics X-CUBE-GNSS1 5.2.0
2021-11-02 13:56:18,413 [INFO] ThirdParty:967 - CMSIS Pack Vendor :STMicroelectronics ThreadX 0.0.2
2021-11-02 13:56:18,413 [INFO] ThirdParty:967 - CMSIS Pack Vendor :STMicroelectronics lwIP 2.0.3
2021-11-02 13:56:18,413 [INFO] ThirdParty:967 - CMSIS Pack Vendor :STMicroelectronics lwIP 2.1.2
2021-11-02 13:56:18,413 [INFO] ThirdParty:967 - CMSIS Pack Vendor :STMicroelectronics X-CUBE-BLE1 6.2.1
2021-11-02 13:56:18,413 [INFO] ThirdParty:967 - CMSIS Pack Vendor :STMicroelectronics X-CUBE-BLE2 3.2.1
2021-11-02 13:56:18,414 [INFO] ThirdParty:967 - CMSIS Pack Vendor :STMicroelectronics X-CUBE-BLE2 3.2.2
2021-11-02 13:56:18,414 [INFO] ThirdParty:967 - CMSIS Pack Vendor :STMicroelectronics USB_HOST 1.0.0
2021-11-02 13:56:18,414 [INFO] ThirdParty:967 - CMSIS Pack Vendor :STMicroelectronics X-CUBE-NFC4 2.0.3
2021-11-02 13:56:18,414 [INFO] ThirdParty:967 - CMSIS Pack Vendor :wolfSSL I-CUBE-wolfSSL 4.8.0
2021-11-02 13:56:18,414 [INFO] ThirdParty:967 - CMSIS Pack Vendor :STMicroelectronics X-CUBE-TOUCHGFX 4.17.0
2021-11-02 13:56:18,414 [INFO] ThirdParty:967 - CMSIS Pack Vendor :STMicroelectronics PDM2PCM 3.1.0
2021-11-02 13:56:18,414 [INFO] ThirdParty:967 - CMSIS Pack Vendor :STMicroelectronics PDM2PCM 3.2.0
2021-11-02 13:56:18,414 [INFO] ThirdParty:967 - CMSIS Pack Vendor :STMicroelectronics PDM2PCM 3.3.0
2021-11-02 13:56:18,414 [INFO] ThirdParty:787 - exiting critical section [change project]
2021-11-02 13:56:18,700 [INFO] PinOutPanel:1463 - setPackage(No Configuration,No Configuration)
2021-11-02 13:56:18,707 [INFO] PinOutPanel:1463 - setPackage(STM32F103C6Tx,LQFP48)
2021-11-02 13:56:19,214 [INFO] UtilMem:74 - Before build in PCC Used Memory: 315838376 Bytes (947912704)
2021-11-02 13:56:19,807 [INFO] UtilMem:74 - After build in PCC Used Memory: 397105064 Bytes (947912704)
2021-11-02 13:56:19,827 [INFO] IPUIPlugin:74 - create IPUIPlugin
2021-11-02 13:56:19,827 [INFO] IPUIPlugin:74 - create IPUIPlugin
2021-11-02 13:56:19,827 [INFO] IPUIPlugin:74 - create IPUIPlugin
2021-11-02 13:56:19,828 [INFO] IPUIPlugin:74 - create IPUIPlugin
2021-11-02 13:56:19,828 [INFO] IPUIPlugin:74 - create IPUIPlugin
2021-11-02 13:56:19,828 [INFO] IPUIPlugin:74 - create IPUIPlugin
2021-11-02 13:56:19,828 [INFO] IPUIPlugin:74 - create IPUIPlugin
2021-11-02 13:56:19,828 [INFO] IPUIPlugin:74 - create IPUIPlugin
2021-11-02 13:56:19,828 [INFO] IPUIPlugin:74 - create IPUIPlugin
2021-11-02 13:56:19,828 [INFO] IPUIPlugin:74 - create IPUIPlugin
2021-11-02 13:56:19,829 [INFO] IPUIPlugin:74 - create IPUIPlugin
2021-11-02 13:56:19,829 [INFO] IPUIPlugin:74 - create IPUIPlugin
2021-11-02 13:56:19,829 [INFO] IPUIPlugin:74 - create IPUIPlugin
2021-11-02 13:56:19,829 [INFO] IPUIPlugin:74 - create IPUIPlugin
2021-11-02 13:56:19,830 [INFO] IPUIPlugin:74 - create IPUIPlugin
2021-11-02 13:56:19,830 [INFO] IPUIPlugin:74 - create IPUIPlugin
2021-11-02 13:56:19,830 [INFO] IPUIPlugin:74 - create IPUIPlugin
2021-11-02 13:56:19,830 [INFO] IPUIPlugin:74 - create IPUIPlugin
2021-11-02 13:56:19,831 [INFO] IPUIPlugin:74 - create IPUIPlugin
2021-11-02 13:56:19,831 [INFO] IPUIPlugin:74 - create IPUIPlugin
2021-11-02 13:56:19,832 [INFO] IPUIPlugin:74 - create IPUIPlugin
2021-11-02 13:56:19,832 [INFO] IPUIPlugin:74 - create IPUIPlugin
2021-11-02 13:56:19,833 [INFO] IPUIPlugin:74 - create IPUIPlugin
2021-11-02 13:56:19,861 [INFO] OpenFileManager:333 - Restore cursor
2021-11-02 13:56:24,083 [INFO] NvicIntPanel:96 - NVIC parent = com.st.microxplorer.plugins.ip.nvic.MultiNvicIntPanel[,0,0,0x0,invalid,layout=javax.swing.BoxLayout,alignmentX=0.0,alignmentY=0.0,border=,flags=9,maximumSize=,minimumSize=,preferredSize=]
